

Microchip Technology PIC LITE Macro Assembler V1.45 build -152302408 
                                                                                               Wed May 02 14:10:16 2018

Microchip Technology Omniscient Code Generator v1.45 (Free mode) build 201711160504
     1                           	processor	16F887
     2                           	opt	pw 120
     3                           	opt	lm
     4                           	psect	idataBANK0,global,class=CODE,delta=2
     5                           	psect	cinit,global,class=CODE,merge=1,delta=2
     6                           	psect	bssCOMMON,global,class=COMMON,space=1,delta=1
     7                           	psect	bssBANK0,global,class=BANK0,space=1,delta=1
     8                           	psect	dataBANK0,global,class=BANK0,space=1,delta=1
     9                           	psect	inittext,global,class=CODE,delta=2
    10                           	psect	cstackCOMMON,global,class=COMMON,space=1,delta=1
    11                           	psect	cstackBANK0,global,class=BANK0,space=1,delta=1
    12                           	psect	maintext,global,class=CODE,split=1,delta=2
    13                           	psect	text1,local,class=CODE,merge=1,delta=2
    14                           	psect	text2,local,class=CODE,merge=1,delta=2
    15                           	psect	text3,local,class=CODE,merge=1,delta=2
    16                           	psect	text4,local,class=CODE,merge=1,delta=2
    17                           	psect	text5,local,class=CODE,merge=1,delta=2
    18                           	psect	text6,local,class=CODE,merge=1,delta=2
    19                           	dabs	1,0x7E,2
    20  0000                     
    21                           ; Version 1.45
    22                           ; Generated 16/11/2017 GMT
    23                           ; 
    24                           ; Copyright © 2017, Microchip Technology Inc. and its subsidiaries ("Microchip")
    25                           ; All rights reserved.
    26                           ; 
    27                           ; This software is developed by Microchip Technology Inc. and its subsidiaries ("Microch
      +                          ip").
    28                           ; 
    29                           ; Redistribution and use in source and binary forms, with or without modification, are
    30                           ; permitted provided that the following conditions are met:
    31                           ; 
    32                           ;     1. Redistributions of source code must retain the above copyright notice, this lis
      +                          t of
    33                           ;        conditions and the following disclaimer.
    34                           ; 
    35                           ;     2. Redistributions in binary form must reproduce the above copyright notice, this 
      +                          list
    36                           ;        of conditions and the following disclaimer in the documentation and/or other
    37                           ;        materials provided with the distribution.
    38                           ; 
    39                           ;     3. Microchip's name may not be used to endorse or promote products derived from th
      +                          is
    40                           ;        software without specific prior written permission.
    41                           ; 
    42                           ; THIS SOFTWARE IS PROVIDED BY MICROCHIP "AS IS" AND ANY EXPRESS OR IMPLIED WARRANTIES,
    43                           ; INCLUDING, BUT NOT LIMITED TO, THE IMPLIED WARRANTIES OF MERCHANTABILITY AND FITNESS F
      +                          OR
    44                           ; PURPOSE ARE DISCLAIMED.  IN NO EVENT SHALL MICROCHIP BE LIABLE FOR ANY DIRECT, INDIREC
      +                          T,
    45                           ; INCIDENTAL, SPECIAL, EXEMPLARY, OR CONSEQUENTIAL DAMAGES (INCLUDING BUT NOT LIMITED TO
    46                           ; PROCUREMENT OF SUBSTITUTE GOODS OR SERVICES; LOSS OF USE, DATA OR PROFITS; OR BUSINESS
    47                           ; INTERRUPTION) HOWSOEVER CAUSED AND ON ANY THEORY OF LIABILITY, WHETHER IN CONTRACT, ST
      +                          RICT
    48                           ; LIABILITY, OR TORT (INCLUDING NEGLIGENCE OR OTHERWISE) ARISING IN ANY WAY OUT OF THE U
      +                          SE OF
    49                           ; THIS SOFTWARE, EVEN IF ADVISED OF THE POSSIBILITY OF SUCH DAMAGE.
    50                           ; 
    51                           ; 
    52                           ; Code-generator required, PIC16F887 Definitions
    53                           ; 
    54                           ; SFR Addresses
    55  0000                     	;# 
    56  0001                     	;# 
    57  0002                     	;# 
    58  0003                     	;# 
    59  0004                     	;# 
    60  0005                     	;# 
    61  0006                     	;# 
    62  0007                     	;# 
    63  0008                     	;# 
    64  0009                     	;# 
    65  000A                     	;# 
    66  000B                     	;# 
    67  000C                     	;# 
    68  000D                     	;# 
    69  000E                     	;# 
    70  000E                     	;# 
    71  000F                     	;# 
    72  0010                     	;# 
    73  0011                     	;# 
    74  0012                     	;# 
    75  0013                     	;# 
    76  0014                     	;# 
    77  0015                     	;# 
    78  0015                     	;# 
    79  0016                     	;# 
    80  0017                     	;# 
    81  0018                     	;# 
    82  0019                     	;# 
    83  001A                     	;# 
    84  001B                     	;# 
    85  001B                     	;# 
    86  001C                     	;# 
    87  001D                     	;# 
    88  001E                     	;# 
    89  001F                     	;# 
    90  0081                     	;# 
    91  0085                     	;# 
    92  0086                     	;# 
    93  0087                     	;# 
    94  0088                     	;# 
    95  0089                     	;# 
    96  008C                     	;# 
    97  008D                     	;# 
    98  008E                     	;# 
    99  008F                     	;# 
   100  0090                     	;# 
   101  0091                     	;# 
   102  0092                     	;# 
   103  0093                     	;# 
   104  0093                     	;# 
   105  0093                     	;# 
   106  0094                     	;# 
   107  0095                     	;# 
   108  0096                     	;# 
   109  0097                     	;# 
   110  0098                     	;# 
   111  0099                     	;# 
   112  009A                     	;# 
   113  009B                     	;# 
   114  009C                     	;# 
   115  009D                     	;# 
   116  009E                     	;# 
   117  009F                     	;# 
   118  0105                     	;# 
   119  0107                     	;# 
   120  0108                     	;# 
   121  0109                     	;# 
   122  010C                     	;# 
   123  010C                     	;# 
   124  010D                     	;# 
   125  010E                     	;# 
   126  010F                     	;# 
   127  0185                     	;# 
   128  0187                     	;# 
   129  0188                     	;# 
   130  0189                     	;# 
   131  018C                     	;# 
   132  018D                     	;# 
   133                           
   134                           	psect	idataBANK0
   135  05E3                     __pidataBANK0:	
   136                           
   137                           ;initializer for armovector@F1861
   138  05E3  3448               	retlw	72
   139  05E4  344F               	retlw	79
   140  05E5  344C               	retlw	76
   141  05E6  3441               	retlw	65
   142  05E7  3420               	retlw	32
   143  05E8  344D               	retlw	77
   144  05E9  3455               	retlw	85
   145  05EA  344E               	retlw	78
   146  05EB  3444               	retlw	68
   147  05EC  344F               	retlw	79
   148  05ED  3421               	retlw	33
   149  05EE  3420               	retlw	32
   150  05EF  346B               	retlw	107
   151  05F0  3400               	retlw	0
   152  05F1  3400               	retlw	0
   153  05F2  3400               	retlw	0
   154  05F3  3400               	retlw	0
   155  05F4  3400               	retlw	0
   156  05F5  3400               	retlw	0
   157  05F6  3400               	retlw	0
   158  0006                     _PORTBbits	set	6
   159  0006                     _PORTB	set	6
   160  0086                     _TRISB	set	134
   161  04A0                     _BF	set	1184
   162  0189                     _ANSELH	set	393
   163  0188                     _ANSEL	set	392
   164                           
   165                           ; #config settings
   166  0000                     
   167                           	psect	cinit
   168  07DE                     start_initialization:	
   169  07DE                     __initialization:	
   170                           
   171                           ; Initialize objects allocated to BANK0
   172  07DE  1383               	bcf	3,7	;select IRP bank0
   173  07DF  3034               	movlw	low (__pdataBANK0+20)
   174  07E0  00FD               	movwf	btemp+-1
   175  07E1  3005               	movlw	high __pidataBANK0
   176  07E2  00FE               	movwf	btemp
   177  07E3  30E3               	movlw	low __pidataBANK0
   178  07E4  00FF               	movwf	btemp+1
   179  07E5  3020               	movlw	low __pdataBANK0
   180  07E6  0084               	movwf	4
   181  07E7  120A  118A  25D6   	fcall	init_ram0
   182                           
   183                           ; Clear objects allocated to BANK0
   184  07EA  01C8               	clrf	__pbssBANK0& (0+127)
   185  07EB  01C9               	clrf	(__pbssBANK0+1)& (0+127)
   186  07EC  01CA               	clrf	(__pbssBANK0+2)& (0+127)
   187  07ED  01CB               	clrf	(__pbssBANK0+3)& (0+127)
   188  07EE  01CC               	clrf	(__pbssBANK0+4)& (0+127)
   189  07EF  01CD               	clrf	(__pbssBANK0+5)& (0+127)
   190  07F0  01CE               	clrf	(__pbssBANK0+6)& (0+127)
   191  07F1  01CF               	clrf	(__pbssBANK0+7)& (0+127)
   192  07F2  01D0               	clrf	(__pbssBANK0+8)& (0+127)
   193  07F3  01D1               	clrf	(__pbssBANK0+9)& (0+127)
   194  07F4  01D2               	clrf	(__pbssBANK0+10)& (0+127)
   195  07F5  01D3               	clrf	(__pbssBANK0+11)& (0+127)
   196  07F6  01D4               	clrf	(__pbssBANK0+12)& (0+127)
   197  07F7  01D5               	clrf	(__pbssBANK0+13)& (0+127)
   198  07F8  01D6               	clrf	(__pbssBANK0+14)& (0+127)
   199                           
   200                           ; Clear objects allocated to COMMON
   201  07F9  01F6               	clrf	__pbssCOMMON& (0+127)
   202  07FA  01F7               	clrf	(__pbssCOMMON+1)& (0+127)
   203  07FB  01F8               	clrf	(__pbssCOMMON+2)& (0+127)
   204  07FC                     end_of_initialization:	
   205                           ;End of C runtime variable initialization code
   206                           
   207  07FC                     __end_of__initialization:	
   208  07FC  0183               	clrf	3
   209  07FD  120A  118A  2DF7   	ljmp	_main	;jump to C main() function
   210                           
   211                           	psect	bssCOMMON
   212  0076                     __pbssCOMMON:	
   213  0076                     _letraenvio:	
   214  0076                     	ds	1
   215  0077                     _letra:	
   216  0077                     	ds	1
   217  0078                     _p:	
   218  0078                     	ds	1
   219                           
   220                           	psect	bssBANK0
   221  0048                     __pbssBANK0:	
   222  0048                     _vector:	
   223  0048                     	ds	15
   224                           
   225                           	psect	dataBANK0
   226  0020                     __pdataBANK0:	
   227  0020                     armovector@F1861:	
   228  0020                     	ds	20
   229                           
   230                           	psect	inittext
   231  05D2                     init_fetch0:	
   232                           ;	Called with low address in FSR and high address in W
   233                           
   234  05D2  087E               	movf	126,w
   235  05D3  008A               	movwf	10
   236  05D4  087F               	movf	127,w
   237  05D5  0082               	movwf	2
   238  05D6                     init_ram0:	
   239                           ;Called with:
   240                           ;	high address of idata address in btemp 
   241                           ;	low address of idata address in btemp+1 
   242                           ;	low address of data in FSR
   243                           ;	high address + 1 of data in btemp-1
   244                           
   245  05D6  25D2  120A  118A   	fcall	init_fetch0
   246  05D9  0080               	movwf	0
   247  05DA  0A84               	incf	4,f
   248  05DB  0804               	movf	4,w
   249  05DC  067D               	xorwf	125,w
   250  05DD  1903               	btfsc	3,2
   251  05DE  3400               	retlw	0
   252  05DF  0AFF               	incf	127,f
   253  05E0  1903               	btfsc	3,2
   254  05E1  0AFE               	incf	126,f
   255  05E2  2DD6               	goto	init_ram0
   256                           
   257                           	psect	cstackCOMMON
   258  0070                     __pcstackCOMMON:	
   259  0070                     ?_inicializacion:	
   260  0070                     ??_inicializacion:	
   261                           ; 1 bytes @ 0x0
   262                           
   263  0070                     ?_InitES:	
   264                           ; 1 bytes @ 0x0
   265                           
   266  0070                     ??_InitES:	
   267                           ; 1 bytes @ 0x0
   268                           
   269  0070                     ?_armovector:	
   270                           ; 1 bytes @ 0x0
   271                           
   272  0070                     ??_armovector:	
   273                           ; 1 bytes @ 0x0
   274                           
   275  0070                     ?_LCD:	
   276                           ; 1 bytes @ 0x0
   277                           
   278  0070                     ?_invertir:	
   279                           ; 1 bytes @ 0x0
   280                           
   281  0070                     ??_invertir:	
   282                           ; 1 bytes @ 0x0
   283                           
   284  0070                     ?_envio:	
   285                           ; 1 bytes @ 0x0
   286                           
   287  0070                     ??_envio:	
   288                           ; 1 bytes @ 0x0
   289                           
   290  0070                     ?_main:	
   291                           ; 1 bytes @ 0x0
   292                           
   293                           
   294                           ; 1 bytes @ 0x0
   295  0070                     	ds	2
   296  0072                     ??_LCD:	
   297                           
   298                           ; 1 bytes @ 0x2
   299  0072                     	ds	3
   300  0075                     LCD@k:	
   301                           
   302                           ; 1 bytes @ 0x5
   303  0075                     	ds	1
   304  0076                     ??_main:	
   305                           
   306                           	psect	cstackBANK0
   307  0034                     __pcstackBANK0:	
   308                           ; 1 bytes @ 0x6
   309                           
   310  0034                     armovector@vector:	
   311                           
   312                           ; 20 bytes @ 0x0
   313  0034                     	ds	20
   314                           
   315                           	psect	maintext
   316  05F7                     __pmaintext:	
   317 ;;
   318 ;;Main: autosize = 0, tempsize = 0, incstack = 0, save=0
   319 ;;
   320 ;; *************** function _main *****************
   321 ;; Defined at:
   322 ;;		line 55 in file "lab3ej1mio.c"
   323 ;; Parameters:    Size  Location     Type
   324 ;;		None
   325 ;; Auto vars:     Size  Location     Type
   326 ;;		None
   327 ;; Return value:  Size  Location     Type
   328 ;;                  1    wreg      void 
   329 ;; Registers used:
   330 ;;		wreg, fsr0l, fsr0h, status,2, status,0, pclath, cstack
   331 ;; Tracked objects:
   332 ;;		On entry : B00/0
   333 ;;		On exit  : 0/0
   334 ;;		Unchanged: 0/0
   335 ;; Data sizes:     COMMON   BANK0   BANK1   BANK3   BANK2
   336 ;;      Params:         0       0       0       0       0
   337 ;;      Locals:         0       0       0       0       0
   338 ;;      Temps:          0       0       0       0       0
   339 ;;      Totals:         0       0       0       0       0
   340 ;;Total ram usage:        0 bytes
   341 ;; Hardware stack levels required when called:    2
   342 ;; This function calls:
   343 ;;		_InitES
   344 ;;		_LCD
   345 ;;		_armovector
   346 ;;		_inicializacion
   347 ;; This function is called by:
   348 ;;		Startup code after reset
   349 ;; This function uses a non-reentrant model
   350 ;;
   351                           
   352                           
   353                           ;psect for function _main
   354  05F7                     _main:	
   355                           
   356                           ;lab3ej1mio.c: 57: inicializacion();
   357                           
   358                           ;incstack = 0
   359                           ; Regs used in _main: [wreg-fsr0h+status,2+status,0+pclath+cstack]
   360  05F7  120A  118A  26D2  120A  118A  	fcall	_inicializacion
   361                           
   362                           ;lab3ej1mio.c: 58: InitES();
   363  05FC  120A  118A  25C7  120A  118A  	fcall	_InitES
   364                           
   365                           ;lab3ej1mio.c: 59: armovector();
   366  0601  120A  118A  260C  120A  118A  	fcall	_armovector
   367                           
   368                           ;lab3ej1mio.c: 60: LCD();
   369  0606  120A  118A  267D   	fcall	_LCD
   370  0609  120A  118A  2800   	ljmp	start
   371  060C                     __end_of_main:	
   372                           
   373                           	psect	text1
   374  06D2                     __ptext1:	
   375 ;; *************** function _inicializacion *****************
   376 ;; Defined at:
   377 ;;		line 69 in file "lab3ej1mio.c"
   378 ;; Parameters:    Size  Location     Type
   379 ;;		None
   380 ;; Auto vars:     Size  Location     Type
   381 ;;		None
   382 ;; Return value:  Size  Location     Type
   383 ;;                  1    wreg      void 
   384 ;; Registers used:
   385 ;;		wreg
   386 ;; Tracked objects:
   387 ;;		On entry : 0/0
   388 ;;		On exit  : 0/0
   389 ;;		Unchanged: 0/0
   390 ;; Data sizes:     COMMON   BANK0   BANK1   BANK3   BANK2
   391 ;;      Params:         0       0       0       0       0
   392 ;;      Locals:         0       0       0       0       0
   393 ;;      Temps:          2       0       0       0       0
   394 ;;      Totals:         2       0       0       0       0
   395 ;;Total ram usage:        2 bytes
   396 ;; Hardware stack levels used:    1
   397 ;; This function calls:
   398 ;;		Nothing
   399 ;; This function is called by:
   400 ;;		_main
   401 ;; This function uses a non-reentrant model
   402 ;;
   403                           
   404                           
   405                           ;psect for function _inicializacion
   406  06D2                     _inicializacion:	
   407                           
   408                           ;lab3ej1mio.c: 71: _delay((unsigned long)((30)*(20000000/4000.0)));
   409                           
   410                           ;incstack = 0
   411                           ; Regs used in _inicializacion: [wreg]
   412  06D2  30C3               	movlw	195
   413  06D3  00F1               	movwf	??_inicializacion+1
   414  06D4  30CD               	movlw	205
   415  06D5  00F0               	movwf	??_inicializacion
   416  06D6                     u127:	
   417  06D6  0BF0               	decfsz	??_inicializacion,f
   418  06D7  2ED6               	goto	u127
   419  06D8  0BF1               	decfsz	??_inicializacion+1,f
   420  06D9  2ED6               	goto	u127
   421                           
   422                           ;lab3ej1mio.c: 72: PORTBbits.RB6=0;
   423  06DA  1283               	bcf	3,5	;RP0=0, select bank0
   424  06DB  1303               	bcf	3,6	;RP1=0, select bank0
   425  06DC  1306               	bcf	6,6	;volatile
   426                           
   427                           ;lab3ej1mio.c: 73: PORTBbits.RB5=0;
   428  06DD  1286               	bcf	6,5	;volatile
   429                           
   430                           ;lab3ej1mio.c: 74: PORTBbits.RB0=0;
   431  06DE  1006               	bcf	6,0	;volatile
   432                           
   433                           ;lab3ej1mio.c: 75: PORTBbits.RB1=0;
   434  06DF  1086               	bcf	6,1	;volatile
   435                           
   436                           ;lab3ej1mio.c: 76: PORTBbits.RB2=1;
   437  06E0  1506               	bsf	6,2	;volatile
   438                           
   439                           ;lab3ej1mio.c: 77: PORTBbits.RB3=1;
   440  06E1  1586               	bsf	6,3	;volatile
   441                           
   442                           ;lab3ej1mio.c: 78: PORTBbits.RB4=1;
   443  06E2  1606               	bsf	6,4	;volatile
   444                           
   445                           ;lab3ej1mio.c: 79: _delay((unsigned long)((5)*(20000000/4000.0)));
   446  06E3  3021               	movlw	33
   447  06E4  00F1               	movwf	??_inicializacion+1
   448  06E5  3076               	movlw	118
   449  06E6  00F0               	movwf	??_inicializacion
   450  06E7                     u137:	
   451  06E7  0BF0               	decfsz	??_inicializacion,f
   452  06E8  2EE7               	goto	u137
   453  06E9  0BF1               	decfsz	??_inicializacion+1,f
   454  06EA  2EE7               	goto	u137
   455  06EB  0000               	nop
   456                           
   457                           ;lab3ej1mio.c: 80: PORTBbits.RB4=0;
   458  06EC  1283               	bcf	3,5	;RP0=0, select bank0
   459  06ED  1303               	bcf	3,6	;RP1=0, select bank0
   460  06EE  1206               	bcf	6,4	;volatile
   461                           
   462                           ;lab3ej1mio.c: 81: _delay((unsigned long)((5)*(20000000/4000.0)));
   463  06EF  3021               	movlw	33
   464  06F0  00F1               	movwf	??_inicializacion+1
   465  06F1  3076               	movlw	118
   466  06F2  00F0               	movwf	??_inicializacion
   467  06F3                     u147:	
   468  06F3  0BF0               	decfsz	??_inicializacion,f
   469  06F4  2EF3               	goto	u147
   470  06F5  0BF1               	decfsz	??_inicializacion+1,f
   471  06F6  2EF3               	goto	u147
   472  06F7  0000               	nop
   473                           
   474                           ;lab3ej1mio.c: 82: PORTBbits.RB6=0;
   475  06F8  1283               	bcf	3,5	;RP0=0, select bank0
   476  06F9  1303               	bcf	3,6	;RP1=0, select bank0
   477  06FA  1306               	bcf	6,6	;volatile
   478                           
   479                           ;lab3ej1mio.c: 83: PORTBbits.RB5=0;
   480  06FB  1286               	bcf	6,5	;volatile
   481                           
   482                           ;lab3ej1mio.c: 84: PORTBbits.RB0=0;
   483  06FC  1006               	bcf	6,0	;volatile
   484                           
   485                           ;lab3ej1mio.c: 85: PORTBbits.RB1=0;
   486  06FD  1086               	bcf	6,1	;volatile
   487                           
   488                           ;lab3ej1mio.c: 86: PORTBbits.RB2=1;
   489  06FE  1506               	bsf	6,2	;volatile
   490                           
   491                           ;lab3ej1mio.c: 87: PORTBbits.RB3=1;
   492  06FF  1586               	bsf	6,3	;volatile
   493                           
   494                           ;lab3ej1mio.c: 88: PORTBbits.RB4=1;
   495  0700  1606               	bsf	6,4	;volatile
   496                           
   497                           ;lab3ej1mio.c: 89: _delay((unsigned long)((5)*(20000000/4000.0)));
   498  0701  3021               	movlw	33
   499  0702  00F1               	movwf	??_inicializacion+1
   500  0703  3076               	movlw	118
   501  0704  00F0               	movwf	??_inicializacion
   502  0705                     u157:	
   503  0705  0BF0               	decfsz	??_inicializacion,f
   504  0706  2F05               	goto	u157
   505  0707  0BF1               	decfsz	??_inicializacion+1,f
   506  0708  2F05               	goto	u157
   507  0709  0000               	nop
   508                           
   509                           ;lab3ej1mio.c: 90: PORTBbits.RB4=0;
   510  070A  1283               	bcf	3,5	;RP0=0, select bank0
   511  070B  1303               	bcf	3,6	;RP1=0, select bank0
   512  070C  1206               	bcf	6,4	;volatile
   513                           
   514                           ;lab3ej1mio.c: 91: _delay((unsigned long)((5)*(20000000/4000.0)));
   515  070D  3021               	movlw	33
   516  070E  00F1               	movwf	??_inicializacion+1
   517  070F  3076               	movlw	118
   518  0710  00F0               	movwf	??_inicializacion
   519  0711                     u167:	
   520  0711  0BF0               	decfsz	??_inicializacion,f
   521  0712  2F11               	goto	u167
   522  0713  0BF1               	decfsz	??_inicializacion+1,f
   523  0714  2F11               	goto	u167
   524  0715  0000               	nop
   525                           
   526                           ;lab3ej1mio.c: 92: if (BF==0)
   527  0716  1683               	bsf	3,5	;RP0=1, select bank1
   528  0717  1303               	bcf	3,6	;RP1=0, select bank1
   529  0718  1814               	btfsc	20,0	;volatile
   530  0719  2F2F               	goto	l582
   531                           
   532                           ;lab3ej1mio.c: 93: {
   533                           ;lab3ej1mio.c: 94: PORTBbits.RB6=0;
   534  071A  1283               	bcf	3,5	;RP0=0, select bank0
   535  071B  1303               	bcf	3,6	;RP1=0, select bank0
   536  071C  1306               	bcf	6,6	;volatile
   537                           
   538                           ;lab3ej1mio.c: 95: PORTBbits.RB5=0;
   539  071D  1286               	bcf	6,5	;volatile
   540                           
   541                           ;lab3ej1mio.c: 96: PORTBbits.RB0=0;
   542  071E  1006               	bcf	6,0	;volatile
   543                           
   544                           ;lab3ej1mio.c: 97: PORTBbits.RB1=0;
   545  071F  1086               	bcf	6,1	;volatile
   546                           
   547                           ;lab3ej1mio.c: 98: PORTBbits.RB2=1;
   548  0720  1506               	bsf	6,2	;volatile
   549                           
   550                           ;lab3ej1mio.c: 99: PORTBbits.RB3=0;
   551  0721  1186               	bcf	6,3	;volatile
   552                           
   553                           ;lab3ej1mio.c: 100: PORTBbits.RB4=1;
   554  0722  1606               	bsf	6,4	;volatile
   555                           
   556                           ;lab3ej1mio.c: 101: _delay((unsigned long)((5)*(20000000/4000.0)));
   557  0723  3021               	movlw	33
   558  0724  00F1               	movwf	??_inicializacion+1
   559  0725  3076               	movlw	118
   560  0726  00F0               	movwf	??_inicializacion
   561  0727                     u177:	
   562  0727  0BF0               	decfsz	??_inicializacion,f
   563  0728  2F27               	goto	u177
   564  0729  0BF1               	decfsz	??_inicializacion+1,f
   565  072A  2F27               	goto	u177
   566  072B  0000               	nop
   567                           
   568                           ;lab3ej1mio.c: 102: PORTBbits.RB4=0;
   569  072C  1283               	bcf	3,5	;RP0=0, select bank0
   570  072D  1303               	bcf	3,6	;RP1=0, select bank0
   571  072E  1206               	bcf	6,4	;volatile
   572  072F                     l582:	
   573                           
   574                           ;lab3ej1mio.c: 103: }
   575                           ;lab3ej1mio.c: 104: if (BF==0)
   576  072F  1683               	bsf	3,5	;RP0=1, select bank1
   577  0730  1303               	bcf	3,6	;RP1=0, select bank1
   578  0731  1814               	btfsc	20,0	;volatile
   579  0732  2F59               	goto	l602
   580                           
   581                           ;lab3ej1mio.c: 105: {
   582                           ;lab3ej1mio.c: 106: PORTBbits.RB6=0;
   583  0733  1283               	bcf	3,5	;RP0=0, select bank0
   584  0734  1303               	bcf	3,6	;RP1=0, select bank0
   585  0735  1306               	bcf	6,6	;volatile
   586                           
   587                           ;lab3ej1mio.c: 107: PORTBbits.RB5=0;
   588  0736  1286               	bcf	6,5	;volatile
   589                           
   590                           ;lab3ej1mio.c: 108: PORTBbits.RB0=0;
   591  0737  1006               	bcf	6,0	;volatile
   592                           
   593                           ;lab3ej1mio.c: 109: PORTBbits.RB1=0;
   594  0738  1086               	bcf	6,1	;volatile
   595                           
   596                           ;lab3ej1mio.c: 110: PORTBbits.RB2=1;
   597  0739  1506               	bsf	6,2	;volatile
   598                           
   599                           ;lab3ej1mio.c: 111: PORTBbits.RB3=0;
   600  073A  1186               	bcf	6,3	;volatile
   601                           
   602                           ;lab3ej1mio.c: 112: PORTBbits.RB4=1;
   603  073B  1606               	bsf	6,4	;volatile
   604                           
   605                           ;lab3ej1mio.c: 113: _delay((unsigned long)((5)*(20000000/4000.0)));
   606  073C  3021               	movlw	33
   607  073D  00F1               	movwf	??_inicializacion+1
   608  073E  3076               	movlw	118
   609  073F  00F0               	movwf	??_inicializacion
   610  0740                     u187:	
   611  0740  0BF0               	decfsz	??_inicializacion,f
   612  0741  2F40               	goto	u187
   613  0742  0BF1               	decfsz	??_inicializacion+1,f
   614  0743  2F40               	goto	u187
   615  0744  0000               	nop
   616                           
   617                           ;lab3ej1mio.c: 114: PORTBbits.RB4=0;
   618  0745  1283               	bcf	3,5	;RP0=0, select bank0
   619  0746  1303               	bcf	3,6	;RP1=0, select bank0
   620  0747  1206               	bcf	6,4	;volatile
   621                           
   622                           ;lab3ej1mio.c: 115: PORTBbits.RB6=0;
   623  0748  1306               	bcf	6,6	;volatile
   624                           
   625                           ;lab3ej1mio.c: 116: PORTBbits.RB5=0;
   626  0749  1286               	bcf	6,5	;volatile
   627                           
   628                           ;lab3ej1mio.c: 117: PORTBbits.RB0=0;
   629  074A  1006               	bcf	6,0	;volatile
   630                           
   631                           ;lab3ej1mio.c: 118: PORTBbits.RB1=1;
   632  074B  1486               	bsf	6,1	;volatile
   633                           
   634                           ;lab3ej1mio.c: 119: PORTBbits.RB4=1;
   635  074C  1606               	bsf	6,4	;volatile
   636                           
   637                           ;lab3ej1mio.c: 120: _delay((unsigned long)((5)*(20000000/4000.0)));
   638  074D  3021               	movlw	33
   639  074E  00F1               	movwf	??_inicializacion+1
   640  074F  3076               	movlw	118
   641  0750  00F0               	movwf	??_inicializacion
   642  0751                     u197:	
   643  0751  0BF0               	decfsz	??_inicializacion,f
   644  0752  2F51               	goto	u197
   645  0753  0BF1               	decfsz	??_inicializacion+1,f
   646  0754  2F51               	goto	u197
   647  0755  0000               	nop
   648                           
   649                           ;lab3ej1mio.c: 121: PORTBbits.RB4=0;
   650  0756  1283               	bcf	3,5	;RP0=0, select bank0
   651  0757  1303               	bcf	3,6	;RP1=0, select bank0
   652  0758  1206               	bcf	6,4	;volatile
   653  0759                     l602:	
   654                           
   655                           ;lab3ej1mio.c: 122: }
   656                           ;lab3ej1mio.c: 123: if (BF==0)
   657  0759  1683               	bsf	3,5	;RP0=1, select bank1
   658  075A  1303               	bcf	3,6	;RP1=0, select bank1
   659  075B  1814               	btfsc	20,0	;volatile
   660  075C  2F85               	goto	l626
   661                           
   662                           ;lab3ej1mio.c: 124: {
   663                           ;lab3ej1mio.c: 125: PORTBbits.RB6=0;
   664  075D  1283               	bcf	3,5	;RP0=0, select bank0
   665  075E  1303               	bcf	3,6	;RP1=0, select bank0
   666  075F  1306               	bcf	6,6	;volatile
   667                           
   668                           ;lab3ej1mio.c: 126: PORTBbits.RB5=0;
   669  0760  1286               	bcf	6,5	;volatile
   670                           
   671                           ;lab3ej1mio.c: 127: PORTBbits.RB0=0;
   672  0761  1006               	bcf	6,0	;volatile
   673                           
   674                           ;lab3ej1mio.c: 128: PORTBbits.RB1=0;
   675  0762  1086               	bcf	6,1	;volatile
   676                           
   677                           ;lab3ej1mio.c: 129: PORTBbits.RB2=0;
   678  0763  1106               	bcf	6,2	;volatile
   679                           
   680                           ;lab3ej1mio.c: 130: PORTBbits.RB3=0;
   681  0764  1186               	bcf	6,3	;volatile
   682                           
   683                           ;lab3ej1mio.c: 131: PORTBbits.RB4=1;
   684  0765  1606               	bsf	6,4	;volatile
   685                           
   686                           ;lab3ej1mio.c: 132: _delay((unsigned long)((5)*(20000000/4000.0)));
   687  0766  3021               	movlw	33
   688  0767  00F1               	movwf	??_inicializacion+1
   689  0768  3076               	movlw	118
   690  0769  00F0               	movwf	??_inicializacion
   691  076A                     u207:	
   692  076A  0BF0               	decfsz	??_inicializacion,f
   693  076B  2F6A               	goto	u207
   694  076C  0BF1               	decfsz	??_inicializacion+1,f
   695  076D  2F6A               	goto	u207
   696  076E  0000               	nop
   697                           
   698                           ;lab3ej1mio.c: 133: PORTBbits.RB4=0;
   699  076F  1283               	bcf	3,5	;RP0=0, select bank0
   700  0770  1303               	bcf	3,6	;RP1=0, select bank0
   701  0771  1206               	bcf	6,4	;volatile
   702                           
   703                           ;lab3ej1mio.c: 134: PORTBbits.RB6=0;
   704  0772  1306               	bcf	6,6	;volatile
   705                           
   706                           ;lab3ej1mio.c: 135: PORTBbits.RB5=0;
   707  0773  1286               	bcf	6,5	;volatile
   708                           
   709                           ;lab3ej1mio.c: 136: PORTBbits.RB0=1;
   710  0774  1406               	bsf	6,0	;volatile
   711                           
   712                           ;lab3ej1mio.c: 137: PORTBbits.RB1=0;
   713  0775  1086               	bcf	6,1	;volatile
   714                           
   715                           ;lab3ej1mio.c: 138: PORTBbits.RB2=0;
   716  0776  1106               	bcf	6,2	;volatile
   717                           
   718                           ;lab3ej1mio.c: 139: PORTBbits.RB3=0;
   719  0777  1186               	bcf	6,3	;volatile
   720                           
   721                           ;lab3ej1mio.c: 140: PORTBbits.RB4=1;
   722  0778  1606               	bsf	6,4	;volatile
   723                           
   724                           ;lab3ej1mio.c: 141: _delay((unsigned long)((5)*(20000000/4000.0)));
   725  0779  3021               	movlw	33
   726  077A  00F1               	movwf	??_inicializacion+1
   727  077B  3076               	movlw	118
   728  077C  00F0               	movwf	??_inicializacion
   729  077D                     u217:	
   730  077D  0BF0               	decfsz	??_inicializacion,f
   731  077E  2F7D               	goto	u217
   732  077F  0BF1               	decfsz	??_inicializacion+1,f
   733  0780  2F7D               	goto	u217
   734  0781  0000               	nop
   735                           
   736                           ;lab3ej1mio.c: 142: PORTBbits.RB4=0;
   737  0782  1283               	bcf	3,5	;RP0=0, select bank0
   738  0783  1303               	bcf	3,6	;RP1=0, select bank0
   739  0784  1206               	bcf	6,4	;volatile
   740  0785                     l626:	
   741                           
   742                           ;lab3ej1mio.c: 143: }
   743                           ;lab3ej1mio.c: 144: if (BF==0)
   744  0785  1683               	bsf	3,5	;RP0=1, select bank1
   745  0786  1303               	bcf	3,6	;RP1=0, select bank1
   746  0787  1814               	btfsc	20,0	;volatile
   747  0788  2FB1               	goto	l650
   748                           
   749                           ;lab3ej1mio.c: 145: {
   750                           ;lab3ej1mio.c: 146: PORTBbits.RB6=0;
   751  0789  1283               	bcf	3,5	;RP0=0, select bank0
   752  078A  1303               	bcf	3,6	;RP1=0, select bank0
   753  078B  1306               	bcf	6,6	;volatile
   754                           
   755                           ;lab3ej1mio.c: 147: PORTBbits.RB5=0;
   756  078C  1286               	bcf	6,5	;volatile
   757                           
   758                           ;lab3ej1mio.c: 148: PORTBbits.RB0=0;
   759  078D  1006               	bcf	6,0	;volatile
   760                           
   761                           ;lab3ej1mio.c: 149: PORTBbits.RB1=0;
   762  078E  1086               	bcf	6,1	;volatile
   763                           
   764                           ;lab3ej1mio.c: 150: PORTBbits.RB2=0;
   765  078F  1106               	bcf	6,2	;volatile
   766                           
   767                           ;lab3ej1mio.c: 151: PORTBbits.RB3=0;
   768  0790  1186               	bcf	6,3	;volatile
   769                           
   770                           ;lab3ej1mio.c: 152: PORTBbits.RB4=1;
   771  0791  1606               	bsf	6,4	;volatile
   772                           
   773                           ;lab3ej1mio.c: 153: _delay((unsigned long)((5)*(20000000/4000.0)));
   774  0792  3021               	movlw	33
   775  0793  00F1               	movwf	??_inicializacion+1
   776  0794  3076               	movlw	118
   777  0795  00F0               	movwf	??_inicializacion
   778  0796                     u227:	
   779  0796  0BF0               	decfsz	??_inicializacion,f
   780  0797  2F96               	goto	u227
   781  0798  0BF1               	decfsz	??_inicializacion+1,f
   782  0799  2F96               	goto	u227
   783  079A  0000               	nop
   784                           
   785                           ;lab3ej1mio.c: 154: PORTBbits.RB4=0;
   786  079B  1283               	bcf	3,5	;RP0=0, select bank0
   787  079C  1303               	bcf	3,6	;RP1=0, select bank0
   788  079D  1206               	bcf	6,4	;volatile
   789                           
   790                           ;lab3ej1mio.c: 155: PORTBbits.RB6=0;
   791  079E  1306               	bcf	6,6	;volatile
   792                           
   793                           ;lab3ej1mio.c: 156: PORTBbits.RB5=0;
   794  079F  1286               	bcf	6,5	;volatile
   795                           
   796                           ;lab3ej1mio.c: 157: PORTBbits.RB0=0;
   797  07A0  1006               	bcf	6,0	;volatile
   798                           
   799                           ;lab3ej1mio.c: 158: PORTBbits.RB1=0;
   800  07A1  1086               	bcf	6,1	;volatile
   801                           
   802                           ;lab3ej1mio.c: 159: PORTBbits.RB2=0;
   803  07A2  1106               	bcf	6,2	;volatile
   804                           
   805                           ;lab3ej1mio.c: 160: PORTBbits.RB3=1;
   806  07A3  1586               	bsf	6,3	;volatile
   807                           
   808                           ;lab3ej1mio.c: 161: PORTBbits.RB4=1;
   809  07A4  1606               	bsf	6,4	;volatile
   810                           
   811                           ;lab3ej1mio.c: 162: _delay((unsigned long)((5)*(20000000/4000.0)));
   812  07A5  3021               	movlw	33
   813  07A6  00F1               	movwf	??_inicializacion+1
   814  07A7  3076               	movlw	118
   815  07A8  00F0               	movwf	??_inicializacion
   816  07A9                     u237:	
   817  07A9  0BF0               	decfsz	??_inicializacion,f
   818  07AA  2FA9               	goto	u237
   819  07AB  0BF1               	decfsz	??_inicializacion+1,f
   820  07AC  2FA9               	goto	u237
   821  07AD  0000               	nop
   822                           
   823                           ;lab3ej1mio.c: 163: PORTBbits.RB4=0;
   824  07AE  1283               	bcf	3,5	;RP0=0, select bank0
   825  07AF  1303               	bcf	3,6	;RP1=0, select bank0
   826  07B0  1206               	bcf	6,4	;volatile
   827  07B1                     l650:	
   828                           
   829                           ;lab3ej1mio.c: 164: }
   830                           ;lab3ej1mio.c: 165: if (BF==0)
   831  07B1  1683               	bsf	3,5	;RP0=1, select bank1
   832  07B2  1303               	bcf	3,6	;RP1=0, select bank1
   833  07B3  1814               	btfsc	20,0	;volatile
   834  07B4  0008               	return
   835                           
   836                           ;lab3ej1mio.c: 166: {
   837                           ;lab3ej1mio.c: 167: PORTBbits.RB6=0;
   838  07B5  1283               	bcf	3,5	;RP0=0, select bank0
   839  07B6  1303               	bcf	3,6	;RP1=0, select bank0
   840  07B7  1306               	bcf	6,6	;volatile
   841                           
   842                           ;lab3ej1mio.c: 168: PORTBbits.RB5=0;
   843  07B8  1286               	bcf	6,5	;volatile
   844                           
   845                           ;lab3ej1mio.c: 169: PORTBbits.RB0=0;
   846  07B9  1006               	bcf	6,0	;volatile
   847                           
   848                           ;lab3ej1mio.c: 170: PORTBbits.RB1=0;
   849  07BA  1086               	bcf	6,1	;volatile
   850                           
   851                           ;lab3ej1mio.c: 171: PORTBbits.RB2=0;
   852  07BB  1106               	bcf	6,2	;volatile
   853                           
   854                           ;lab3ej1mio.c: 172: PORTBbits.RB3=0;
   855  07BC  1186               	bcf	6,3	;volatile
   856                           
   857                           ;lab3ej1mio.c: 173: PORTBbits.RB4=1;
   858  07BD  1606               	bsf	6,4	;volatile
   859                           
   860                           ;lab3ej1mio.c: 174: _delay((unsigned long)((5)*(20000000/4000.0)));
   861  07BE  3021               	movlw	33
   862  07BF  00F1               	movwf	??_inicializacion+1
   863  07C0  3076               	movlw	118
   864  07C1  00F0               	movwf	??_inicializacion
   865  07C2                     u247:	
   866  07C2  0BF0               	decfsz	??_inicializacion,f
   867  07C3  2FC2               	goto	u247
   868  07C4  0BF1               	decfsz	??_inicializacion+1,f
   869  07C5  2FC2               	goto	u247
   870  07C6  0000               	nop
   871                           
   872                           ;lab3ej1mio.c: 175: PORTBbits.RB4=0;
   873  07C7  1283               	bcf	3,5	;RP0=0, select bank0
   874  07C8  1303               	bcf	3,6	;RP1=0, select bank0
   875  07C9  1206               	bcf	6,4	;volatile
   876                           
   877                           ;lab3ej1mio.c: 176: PORTBbits.RB6=0;
   878  07CA  1306               	bcf	6,6	;volatile
   879                           
   880                           ;lab3ej1mio.c: 177: PORTBbits.RB5=0;
   881  07CB  1286               	bcf	6,5	;volatile
   882                           
   883                           ;lab3ej1mio.c: 178: PORTBbits.RB0=1;
   884  07CC  1406               	bsf	6,0	;volatile
   885                           
   886                           ;lab3ej1mio.c: 179: PORTBbits.RB1=1;
   887  07CD  1486               	bsf	6,1	;volatile
   888                           
   889                           ;lab3ej1mio.c: 180: PORTBbits.RB2=1;
   890  07CE  1506               	bsf	6,2	;volatile
   891                           
   892                           ;lab3ej1mio.c: 181: PORTBbits.RB3=0;
   893  07CF  1186               	bcf	6,3	;volatile
   894                           
   895                           ;lab3ej1mio.c: 182: PORTBbits.RB4=1;
   896  07D0  1606               	bsf	6,4	;volatile
   897                           
   898                           ;lab3ej1mio.c: 183: _delay((unsigned long)((5)*(20000000/4000.0)));
   899  07D1  3021               	movlw	33
   900  07D2  00F1               	movwf	??_inicializacion+1
   901  07D3  3076               	movlw	118
   902  07D4  00F0               	movwf	??_inicializacion
   903  07D5                     u257:	
   904  07D5  0BF0               	decfsz	??_inicializacion,f
   905  07D6  2FD5               	goto	u257
   906  07D7  0BF1               	decfsz	??_inicializacion+1,f
   907  07D8  2FD5               	goto	u257
   908  07D9  0000               	nop
   909                           
   910                           ;lab3ej1mio.c: 184: PORTBbits.RB4=0;
   911  07DA  1283               	bcf	3,5	;RP0=0, select bank0
   912  07DB  1303               	bcf	3,6	;RP1=0, select bank0
   913  07DC  1206               	bcf	6,4	;volatile
   914  07DD  0008               	return
   915  07DE                     __end_of_inicializacion:	
   916                           
   917                           	psect	text2
   918  060C                     __ptext2:	
   919 ;; *************** function _armovector *****************
   920 ;; Defined at:
   921 ;;		line 188 in file "lab3ej1mio.c"
   922 ;; Parameters:    Size  Location     Type
   923 ;;		None
   924 ;; Auto vars:     Size  Location     Type
   925 ;;  vector         20    0[BANK0 ] unsigned char [20]
   926 ;; Return value:  Size  Location     Type
   927 ;;                  1    wreg      void 
   928 ;; Registers used:
   929 ;;		wreg, fsr0l, fsr0h
   930 ;; Tracked objects:
   931 ;;		On entry : 0/0
   932 ;;		On exit  : 0/0
   933 ;;		Unchanged: 0/0
   934 ;; Data sizes:     COMMON   BANK0   BANK1   BANK3   BANK2
   935 ;;      Params:         0       0       0       0       0
   936 ;;      Locals:         0      20       0       0       0
   937 ;;      Temps:          4       0       0       0       0
   938 ;;      Totals:         4      20       0       0       0
   939 ;;Total ram usage:       24 bytes
   940 ;; Hardware stack levels used:    1
   941 ;; This function calls:
   942 ;;		Nothing
   943 ;; This function is called by:
   944 ;;		_main
   945 ;; This function uses a non-reentrant model
   946 ;;
   947                           
   948                           
   949                           ;psect for function _armovector
   950  060C                     _armovector:	
   951                           
   952                           ;lab3ej1mio.c: 190: unsigned char vector[20]={"HOLA MUNDO! k"};
   953                           
   954                           ;incstack = 0
   955                           ; Regs used in _armovector: [wregfsr0]
   956  060C  3034               	movlw	armovector@vector& (0+255)
   957  060D  0084               	movwf	4
   958  060E  3020               	movlw	low armovector@F1861
   959  060F  00F0               	movwf	??_armovector
   960  0610  0804               	movf	4,w
   961  0611  00F1               	movwf	??_armovector+1
   962  0612  3014               	movlw	20
   963  0613  00F2               	movwf	??_armovector+2
   964  0614                     u80:	
   965  0614  0870               	movf	??_armovector,w
   966  0615  0084               	movwf	4
   967  0616  1383               	bcf	3,7	;select IRP bank0
   968  0617  0800               	movf	0,w
   969  0618  00F3               	movwf	??_armovector+3
   970  0619  0AF0               	incf	??_armovector,f
   971  061A  0871               	movf	??_armovector+1,w
   972  061B  0084               	movwf	4
   973  061C  0873               	movf	??_armovector+3,w
   974  061D  0080               	movwf	0
   975  061E  0AF1               	incf	??_armovector+1,f
   976  061F  0BF2               	decfsz	??_armovector+2,f
   977  0620  2E14               	goto	u80
   978                           
   979                           ;lab3ej1mio.c: 191: p=&vector;
   980  0621  3034               	movlw	(low (armovector@vector| 0))& (0+255)
   981  0622  00F0               	movwf	??_armovector
   982  0623  0870               	movf	??_armovector,w
   983  0624  00F8               	movwf	_p
   984  0625  0008               	return
   985  0626                     __end_of_armovector:	
   986                           
   987                           	psect	text3
   988  067D                     __ptext3:	
   989 ;; *************** function _LCD *****************
   990 ;; Defined at:
   991 ;;		line 196 in file "lab3ej1mio.c"
   992 ;; Parameters:    Size  Location     Type
   993 ;;		None
   994 ;; Auto vars:     Size  Location     Type
   995 ;;  k               1    5[COMMON] unsigned char 
   996 ;; Return value:  Size  Location     Type
   997 ;;                  1    wreg      void 
   998 ;; Registers used:
   999 ;;		wreg, fsr0l, fsr0h, status,2, status,0, pclath, cstack
  1000 ;; Tracked objects:
  1001 ;;		On entry : 0/0
  1002 ;;		On exit  : 0/0
  1003 ;;		Unchanged: 0/0
  1004 ;; Data sizes:     COMMON   BANK0   BANK1   BANK3   BANK2
  1005 ;;      Params:         0       0       0       0       0
  1006 ;;      Locals:         1       0       0       0       0
  1007 ;;      Temps:          3       0       0       0       0
  1008 ;;      Totals:         4       0       0       0       0
  1009 ;;Total ram usage:        4 bytes
  1010 ;; Hardware stack levels used:    1
  1011 ;; Hardware stack levels required when called:    1
  1012 ;; This function calls:
  1013 ;;		_envio
  1014 ;;		_invertir
  1015 ;; This function is called by:
  1016 ;;		_main
  1017 ;; This function uses a non-reentrant model
  1018 ;;
  1019                           
  1020                           
  1021                           ;psect for function _LCD
  1022  067D                     _LCD:	
  1023                           
  1024                           ;lab3ej1mio.c: 198: unsigned char k= 0b01101011;
  1025                           
  1026                           ;incstack = 0
  1027                           ; Regs used in _LCD: [wreg-fsr0h+status,2+status,0+pclath+cstack]
  1028  067D  306B               	movlw	107
  1029  067E  00F2               	movwf	??_LCD
  1030  067F  0872               	movf	??_LCD,w
  1031  0680  00F5               	movwf	LCD@k
  1032  0681                     l700:	
  1033                           ;lab3ej1mio.c: 199: while(*p!=k)
  1034                           
  1035  0681  0878               	movf	_p,w
  1036  0682  0084               	movwf	4
  1037  0683  1383               	bcf	3,7	;select IRP bank0
  1038  0684  0800               	movf	0,w
  1039  0685  0675               	xorwf	LCD@k,w
  1040  0686  1903               	btfsc	3,2
  1041  0687  2EBE               	goto	l702
  1042                           
  1043                           ;lab3ej1mio.c: 200: {
  1044                           ;lab3ej1mio.c: 201: letra = *p;
  1045  0688  0878               	movf	_p,w
  1046  0689  0084               	movwf	4
  1047  068A  1383               	bcf	3,7	;select IRP bank0
  1048  068B  0800               	movf	0,w
  1049  068C  00F2               	movwf	??_LCD
  1050  068D  0872               	movf	??_LCD,w
  1051  068E  00F7               	movwf	_letra
  1052                           
  1053                           ;lab3ej1mio.c: 202: letraenvio = letra;
  1054  068F  0877               	movf	_letra,w
  1055  0690  00F2               	movwf	??_LCD
  1056  0691  0872               	movf	??_LCD,w
  1057  0692  00F6               	movwf	_letraenvio
  1058                           
  1059                           ;lab3ej1mio.c: 203: letraenvio= letraenvio>>4;
  1060  0693  0876               	movf	_letraenvio,w
  1061  0694  00F2               	movwf	??_LCD
  1062  0695  3004               	movlw	4
  1063  0696                     u95:	
  1064  0696  1003               	clrc
  1065  0697  0CF2               	rrf	??_LCD,f
  1066  0698  3EFF               	addlw	-1
  1067  0699  1D03               	skipz
  1068  069A  2E96               	goto	u95
  1069  069B  0872               	movf	??_LCD,w
  1070  069C  00F3               	movwf	??_LCD+1
  1071  069D  0873               	movf	??_LCD+1,w
  1072  069E  00F6               	movwf	_letraenvio
  1073                           
  1074                           ;lab3ej1mio.c: 204: invertir();
  1075  069F  120A  118A  2641  120A  118A  	fcall	_invertir
  1076                           
  1077                           ;lab3ej1mio.c: 206: envio();
  1078  06A4  120A  118A  2626  120A  118A  	fcall	_envio
  1079                           
  1080                           ;lab3ej1mio.c: 207: letraenvio=letra & 0x0F;
  1081  06A9  0877               	movf	_letra,w
  1082  06AA  390F               	andlw	15
  1083  06AB  00F2               	movwf	??_LCD
  1084  06AC  0872               	movf	??_LCD,w
  1085  06AD  00F6               	movwf	_letraenvio
  1086                           
  1087                           ;lab3ej1mio.c: 208: invertir();
  1088  06AE  120A  118A  2641  120A  118A  	fcall	_invertir
  1089                           
  1090                           ;lab3ej1mio.c: 210: envio();
  1091  06B3  120A  118A  2626  120A  118A  	fcall	_envio
  1092                           
  1093                           ;lab3ej1mio.c: 211: p=p+1;
  1094  06B8  0878               	movf	_p,w
  1095  06B9  3E01               	addlw	1
  1096  06BA  00F2               	movwf	??_LCD
  1097  06BB  0872               	movf	??_LCD,w
  1098  06BC  00F8               	movwf	_p
  1099  06BD  2E81               	goto	l700
  1100  06BE                     l702:	
  1101                           
  1102                           ;lab3ej1mio.c: 212: }
  1103                           ;lab3ej1mio.c: 214: if(*p==k)
  1104  06BE  0878               	movf	_p,w
  1105  06BF  0084               	movwf	4
  1106  06C0  0800               	movf	0,w
  1107  06C1  0675               	xorwf	LCD@k,w
  1108  06C2  1D03               	skipz
  1109  06C3  0008               	return
  1110                           
  1111                           ;lab3ej1mio.c: 215: {
  1112                           ;lab3ej1mio.c: 216: _delay((unsigned long)((3600)*(20000000/4000.0)));
  1113  06C4  305C               	movlw	92
  1114  06C5  00F4               	movwf	??_LCD+2
  1115  06C6  3051               	movlw	81
  1116  06C7  00F3               	movwf	??_LCD+1
  1117  06C8  3060               	movlw	96
  1118  06C9  00F2               	movwf	??_LCD
  1119  06CA                     u267:	
  1120  06CA  0BF2               	decfsz	??_LCD,f
  1121  06CB  2ECA               	goto	u267
  1122  06CC  0BF3               	decfsz	??_LCD+1,f
  1123  06CD  2ECA               	goto	u267
  1124  06CE  0BF4               	decfsz	??_LCD+2,f
  1125  06CF  2ECA               	goto	u267
  1126  06D0  0000               	nop
  1127  06D1  0008               	return
  1128  06D2                     __end_of_LCD:	
  1129                           
  1130                           	psect	text4
  1131  0641                     __ptext4:	
  1132 ;; *************** function _invertir *****************
  1133 ;; Defined at:
  1134 ;;		line 221 in file "lab3ej1mio.c"
  1135 ;; Parameters:    Size  Location     Type
  1136 ;;		None
  1137 ;; Auto vars:     Size  Location     Type
  1138 ;;		None
  1139 ;; Return value:  Size  Location     Type
  1140 ;;                  1    wreg      void 
  1141 ;; Registers used:
  1142 ;;		wreg, status,2, status,0
  1143 ;; Tracked objects:
  1144 ;;		On entry : 0/0
  1145 ;;		On exit  : 0/0
  1146 ;;		Unchanged: 0/0
  1147 ;; Data sizes:     COMMON   BANK0   BANK1   BANK3   BANK2
  1148 ;;      Params:         0       0       0       0       0
  1149 ;;      Locals:         0       0       0       0       0
  1150 ;;      Temps:          2       0       0       0       0
  1151 ;;      Totals:         2       0       0       0       0
  1152 ;;Total ram usage:        2 bytes
  1153 ;; Hardware stack levels used:    1
  1154 ;; This function calls:
  1155 ;;		Nothing
  1156 ;; This function is called by:
  1157 ;;		_LCD
  1158 ;; This function uses a non-reentrant model
  1159 ;;
  1160                           
  1161                           
  1162                           ;psect for function _invertir
  1163  0641                     _invertir:	
  1164                           
  1165                           ;lab3ej1mio.c: 223: PORTBbits.RB3= letraenvio & 0b00000001;
  1166                           
  1167                           ;incstack = 0
  1168                           ; Regs used in _invertir: [wreg+status,2+status,0]
  1169  0641  0876               	movf	_letraenvio,w
  1170  0642  3901               	andlw	1
  1171  0643  00F0               	movwf	??_invertir
  1172  0644  0DF0               	rlf	??_invertir,f
  1173  0645  0DF0               	rlf	??_invertir,f
  1174  0646  0DF0               	rlf	??_invertir,f
  1175  0647  1283               	bcf	3,5	;RP0=0, select bank0
  1176  0648  1303               	bcf	3,6	;RP1=0, select bank0
  1177  0649  0806               	movf	6,w	;volatile
  1178  064A  0670               	xorwf	??_invertir,w
  1179  064B  39F7               	andlw	-9
  1180  064C  0670               	xorwf	??_invertir,w
  1181  064D  0086               	movwf	6	;volatile
  1182                           
  1183                           ;lab3ej1mio.c: 224: PORTBbits.RB2= (letraenvio & 0b00000010)>>1;
  1184  064E  0876               	movf	_letraenvio,w
  1185  064F  00F0               	movwf	??_invertir
  1186  0650  1003               	clrc
  1187  0651  0C70               	rrf	??_invertir,w
  1188  0652  3901               	andlw	1
  1189  0653  00F1               	movwf	??_invertir+1
  1190  0654  0DF1               	rlf	??_invertir+1,f
  1191  0655  0DF1               	rlf	??_invertir+1,f
  1192  0656  0806               	movf	6,w	;volatile
  1193  0657  0671               	xorwf	??_invertir+1,w
  1194  0658  39FB               	andlw	-5
  1195  0659  0671               	xorwf	??_invertir+1,w
  1196  065A  0086               	movwf	6	;volatile
  1197                           
  1198                           ;lab3ej1mio.c: 225: PORTBbits.RB1= (letraenvio & 0b00000100)>>2;
  1199  065B  0876               	movf	_letraenvio,w
  1200  065C  00F0               	movwf	??_invertir
  1201  065D  3002               	movlw	2
  1202  065E                     u15:	
  1203  065E  1003               	clrc
  1204  065F  0CF0               	rrf	??_invertir,f
  1205  0660  3EFF               	addlw	-1
  1206  0661  1D03               	skipz
  1207  0662  2E5E               	goto	u15
  1208  0663  0870               	movf	??_invertir,w
  1209  0664  3901               	andlw	1
  1210  0665  00F1               	movwf	??_invertir+1
  1211  0666  0DF1               	rlf	??_invertir+1,f
  1212  0667  0806               	movf	6,w	;volatile
  1213  0668  0671               	xorwf	??_invertir+1,w
  1214  0669  39FD               	andlw	-3
  1215  066A  0671               	xorwf	??_invertir+1,w
  1216  066B  0086               	movwf	6	;volatile
  1217                           
  1218                           ;lab3ej1mio.c: 226: PORTBbits.RB0= (letraenvio & 0b00001000)>>3;
  1219  066C  0876               	movf	_letraenvio,w
  1220  066D  00F0               	movwf	??_invertir
  1221  066E  3003               	movlw	3
  1222  066F                     u25:	
  1223  066F  1003               	clrc
  1224  0670  0CF0               	rrf	??_invertir,f
  1225  0671  3EFF               	addlw	-1
  1226  0672  1D03               	skipz
  1227  0673  2E6F               	goto	u25
  1228  0674  3001               	movlw	1
  1229  0675  0570               	andwf	??_invertir,w
  1230  0676  00F1               	movwf	??_invertir+1
  1231  0677  0806               	movf	6,w	;volatile
  1232  0678  0671               	xorwf	??_invertir+1,w
  1233  0679  39FE               	andlw	-2
  1234  067A  0671               	xorwf	??_invertir+1,w
  1235  067B  0086               	movwf	6	;volatile
  1236  067C  0008               	return
  1237  067D                     __end_of_invertir:	
  1238                           
  1239                           	psect	text5
  1240  0626                     __ptext5:	
  1241 ;; *************** function _envio *****************
  1242 ;; Defined at:
  1243 ;;		line 228 in file "lab3ej1mio.c"
  1244 ;; Parameters:    Size  Location     Type
  1245 ;;		None
  1246 ;; Auto vars:     Size  Location     Type
  1247 ;;		None
  1248 ;; Return value:  Size  Location     Type
  1249 ;;                  1    wreg      void 
  1250 ;; Registers used:
  1251 ;;		wreg
  1252 ;; Tracked objects:
  1253 ;;		On entry : 0/0
  1254 ;;		On exit  : 0/0
  1255 ;;		Unchanged: 0/0
  1256 ;; Data sizes:     COMMON   BANK0   BANK1   BANK3   BANK2
  1257 ;;      Params:         0       0       0       0       0
  1258 ;;      Locals:         0       0       0       0       0
  1259 ;;      Temps:          2       0       0       0       0
  1260 ;;      Totals:         2       0       0       0       0
  1261 ;;Total ram usage:        2 bytes
  1262 ;; Hardware stack levels used:    1
  1263 ;; This function calls:
  1264 ;;		Nothing
  1265 ;; This function is called by:
  1266 ;;		_LCD
  1267 ;; This function uses a non-reentrant model
  1268 ;;
  1269                           
  1270                           
  1271                           ;psect for function _envio
  1272  0626                     _envio:	
  1273                           
  1274                           ;lab3ej1mio.c: 230: PORTBbits.RB6=1;
  1275                           
  1276                           ;incstack = 0
  1277                           ; Regs used in _envio: [wreg]
  1278  0626  1283               	bcf	3,5	;RP0=0, select bank0
  1279  0627  1303               	bcf	3,6	;RP1=0, select bank0
  1280  0628  1706               	bsf	6,6	;volatile
  1281                           
  1282                           ;lab3ej1mio.c: 231: PORTBbits.RB5=0;
  1283  0629  1286               	bcf	6,5	;volatile
  1284                           
  1285                           ;lab3ej1mio.c: 232: PORTBbits.RB4=1;
  1286  062A  1606               	bsf	6,4	;volatile
  1287                           
  1288                           ;lab3ej1mio.c: 233: _delay((unsigned long)((5)*(20000000/4000.0)));
  1289  062B  3021               	movlw	33
  1290  062C  00F1               	movwf	??_envio+1
  1291  062D  3076               	movlw	118
  1292  062E  00F0               	movwf	??_envio
  1293  062F                     u277:	
  1294  062F  0BF0               	decfsz	??_envio,f
  1295  0630  2E2F               	goto	u277
  1296  0631  0BF1               	decfsz	??_envio+1,f
  1297  0632  2E2F               	goto	u277
  1298  0633  0000               	nop
  1299                           
  1300                           ;lab3ej1mio.c: 234: PORTBbits.RB4=0;
  1301  0634  1283               	bcf	3,5	;RP0=0, select bank0
  1302  0635  1303               	bcf	3,6	;RP1=0, select bank0
  1303  0636  1206               	bcf	6,4	;volatile
  1304                           
  1305                           ;lab3ej1mio.c: 235: _delay((unsigned long)((20)*(20000000/4000.0)));
  1306  0637  3082               	movlw	130
  1307  0638  00F1               	movwf	??_envio+1
  1308  0639  30DD               	movlw	221
  1309  063A  00F0               	movwf	??_envio
  1310  063B                     u287:	
  1311  063B  0BF0               	decfsz	??_envio,f
  1312  063C  2E3B               	goto	u287
  1313  063D  0BF1               	decfsz	??_envio+1,f
  1314  063E  2E3B               	goto	u287
  1315  063F  2E40               	nop2
  1316  0640  0008               	return
  1317  0641                     __end_of_envio:	
  1318                           
  1319                           	psect	text6
  1320  05C7                     __ptext6:	
  1321 ;; *************** function _InitES *****************
  1322 ;; Defined at:
  1323 ;;		line 62 in file "lab3ej1mio.c"
  1324 ;; Parameters:    Size  Location     Type
  1325 ;;		None
  1326 ;; Auto vars:     Size  Location     Type
  1327 ;;		None
  1328 ;; Return value:  Size  Location     Type
  1329 ;;                  1    wreg      void 
  1330 ;; Registers used:
  1331 ;;		status,2
  1332 ;; Tracked objects:
  1333 ;;		On entry : 0/0
  1334 ;;		On exit  : 0/0
  1335 ;;		Unchanged: 0/0
  1336 ;; Data sizes:     COMMON   BANK0   BANK1   BANK3   BANK2
  1337 ;;      Params:         0       0       0       0       0
  1338 ;;      Locals:         0       0       0       0       0
  1339 ;;      Temps:          0       0       0       0       0
  1340 ;;      Totals:         0       0       0       0       0
  1341 ;;Total ram usage:        0 bytes
  1342 ;; Hardware stack levels used:    1
  1343 ;; This function calls:
  1344 ;;		Nothing
  1345 ;; This function is called by:
  1346 ;;		_main
  1347 ;; This function uses a non-reentrant model
  1348 ;;
  1349                           
  1350                           
  1351                           ;psect for function _InitES
  1352  05C7                     _InitES:	
  1353                           
  1354                           ;lab3ej1mio.c: 64: ANSEL=0b00000000;
  1355                           
  1356                           ;incstack = 0
  1357                           ; Regs used in _InitES: [status,2]
  1358  05C7  1683               	bsf	3,5	;RP0=1, select bank3
  1359  05C8  1703               	bsf	3,6	;RP1=1, select bank3
  1360  05C9  0188               	clrf	8	;volatile
  1361                           
  1362                           ;lab3ej1mio.c: 65: ANSELH=0;
  1363  05CA  0189               	clrf	9	;volatile
  1364                           
  1365                           ;lab3ej1mio.c: 66: TRISB=0b00000000;
  1366  05CB  1683               	bsf	3,5	;RP0=1, select bank1
  1367  05CC  1303               	bcf	3,6	;RP1=0, select bank1
  1368  05CD  0186               	clrf	6	;volatile
  1369                           
  1370                           ;lab3ej1mio.c: 67: PORTB=0;
  1371  05CE  1283               	bcf	3,5	;RP0=0, select bank0
  1372  05CF  1303               	bcf	3,6	;RP1=0, select bank0
  1373  05D0  0186               	clrf	6	;volatile
  1374  05D1  0008               	return
  1375  05D2                     __end_of_InitES:	
  1376  007E                     btemp	set	126	;btemp
  1377  007E                     wtemp0	set	126


Data Sizes:
    Strings     0
    Constant    0
    Data        20
    BSS         18
    Persistent  0
    Stack       0

Auto Spaces:
    Space          Size  Autos    Used
    COMMON           14      6       9
    BANK0            80     20      55
    BANK1            80      0       0
    BANK3            96      0       0
    BANK2            96      0       0

Pointer List with Targets:

    p	PTR unsigned char  size(1) Largest target is 20
		 -> NULL(NULL[0]), armovector@vector(BANK0[20]), 


Critical Paths under _main in COMMON

    _main->_LCD
    _LCD->_envio
    _LCD->_invertir

Critical Paths under _main in BANK0

    _main->_armovector

Critical Paths under _main in BANK1

    None.

Critical Paths under _main in BANK3

    None.

Critical Paths under _main in BANK2

    None.

Call Graph Tables:

 ---------------------------------------------------------------------------------
 (Depth) Function   	        Calls       Base Space   Used Autos Params    Refs
 ---------------------------------------------------------------------------------
 (0) _main                                                 0     0      0      45
                             _InitES
                                _LCD
                         _armovector
                     _inicializacion
 ---------------------------------------------------------------------------------
 (1) _inicializacion                                       2     2      0       0
                                              0 COMMON     2     2      0
 ---------------------------------------------------------------------------------
 (1) _armovector                                          24    24      0      15
                                              0 COMMON     4     4      0
                                              0 BANK0     20    20      0
 ---------------------------------------------------------------------------------
 (1) _LCD                                                  4     4      0      30
                                              2 COMMON     4     4      0
                              _envio
                           _invertir
 ---------------------------------------------------------------------------------
 (2) _invertir                                             2     2      0       0
                                              0 COMMON     2     2      0
 ---------------------------------------------------------------------------------
 (2) _envio                                                2     2      0       0
                                              0 COMMON     2     2      0
 ---------------------------------------------------------------------------------
 (1) _InitES                                               0     0      0       0
 ---------------------------------------------------------------------------------
 Estimated maximum stack depth 2
 ---------------------------------------------------------------------------------

 Call Graph Graphs:

 _main (ROOT)
   _InitES
   _LCD
     _envio
     _invertir
   _armovector
   _inicializacion

 Address spaces:
Name               Size   Autos  Total    Cost      Usage
BANK3               60      0       0       9        0.0%
BITBANK3            60      0       0       8        0.0%
SFR3                 0      0       0       4        0.0%
BITSFR3              0      0       0       4        0.0%
BANK2               60      0       0      11        0.0%
BITBANK2            60      0       0      10        0.0%
SFR2                 0      0       0       5        0.0%
BITSFR2              0      0       0       5        0.0%
BANK1               50      0       0       7        0.0%
BITBANK1            50      0       0       6        0.0%
SFR1                 0      0       0       2        0.0%
BITSFR1              0      0       0       2        0.0%
BANK0               50     14      37       5       68.8%
BITBANK0            50      0       0       4        0.0%
SFR0                 0      0       0       1        0.0%
BITSFR0              0      0       0       1        0.0%
COMMON               E      6       9       1       64.3%
BITCOMMON            E      0       0       0        0.0%
CODE                 0      0       0       0        0.0%
DATA                 0      0      40      12        0.0%
ABS                  0      0      40       3        0.0%
NULL                 0      0       0       0        0.0%
STACK                0      0       0       2        0.0%
EEDATA             100      0       0       0        0.0%


Microchip Technology PIC Macro Assembler V1.45 build -152302408 
Symbol Table                                                                                   Wed May 02 14:10:16 2018

                      _p 0078                        pc 0002              __CFG_CP$OFF 0000  
                     _BF 04A0                       u15 065E                       u25 066F  
                     u80 0614                       u95 0696                       fsr 0004  
                    l602 0759                      l700 0681                      l702 06BE  
                    l650 07B1                      l626 0785                      l582 072F  
                    _LCD 067D                      u207 076A                      u127 06D6  
                    u217 077D                      u137 06E7                      u227 0796  
                    u147 06F3                      u237 07A9                      u157 0705  
                    u247 07C2                      u167 0711                      u257 07D5  
                    u177 0727             __CFG_CPD$OFF 0000                      u267 06CA  
                    u187 0740                      u277 062F                      u197 0751  
                    u287 063B                      fsr0 0004                      indf 0000  
           __CFG_IESO$ON 0000             __CFG_FOSC$HS 0000             __CFG_LVP$OFF 0000  
                   LCD@k 0075                     ?_LCD 0070             __CFG_WRT$OFF 0000  
          __CFG_FCMEN$ON 0000                     _main 05F7                     btemp 007E  
          __CFG_BOREN$ON 0000                     start 0000            __CFG_MCLRE$ON 0000  
                  ??_LCD 0072                    ?_main 0070            __CFG_WDTE$OFF 0000  
                  _ANSEL 0188                    _PORTB 0006                    _TRISB 0086  
                  _envio 0626                    _letra 0077                    pclath 000A  
                  status 0003                    wtemp0 007E          __initialization 07DE  
           __end_of_main 060C          armovector@F1861 0020                   ??_main 0076  
                 ?_envio 0070                   _ANSELH 0189  __size_of_inicializacion 010C  
         __CFG_PWRTE$OFF 0000                   _InitES 05C7                   _vector 0048  
       __end_of_invertir 067D  __end_of__initialization 07FC           __pcstackCOMMON 0070  
           __pidataBANK0 05E3            __end_of_envio 0641                  ??_envio 0070  
             __pbssBANK0 0048                  ?_InitES 0070               __pmaintext 05F7  
       armovector@vector 0034               _armovector 060C           _inicializacion 06D2  
              ?_invertir 0070          __size_of_InitES 000B                  __ptext1 06D2  
                __ptext2 060C                  __ptext3 067D                  __ptext4 0641  
                __ptext5 0626                  __ptext6 05C7             __size_of_LCD 0055  
             _letraenvio 0076   __end_of_inicializacion 07DE     end_of_initialization 07FC  
             ??_invertir 0070                _PORTBbits 0006              ?_armovector 0070  
        ?_inicializacion 0070           __end_of_InitES 05D2      start_initialization 07DE  
            __end_of_LCD 06D2                 ??_InitES 0070               init_fetch0 05D2  
            __pdataBANK0 0020      __size_of_armovector 001A              __pbssCOMMON 0076  
              ___latbits 0002            __pcstackBANK0 0034        __size_of_invertir 003C  
         __size_of_envio 001B         ??_inicializacion 0070             ??_armovector 0070  
     __end_of_armovector 0626        __CFG_BOR4V$BOR40V 0000            __size_of_main 0015  
               _invertir 0641                 init_ram0 05D6  
