

Microchip Technology PIC LITE Macro Assembler V1.45 build -152302408 
                                                                                               Sun Jun 10 18:46:42 2018

Microchip Technology Omniscient Code Generator v1.45 (Free mode) build 201711160504
     1                           	processor	16F887
     2                           	opt	pw 120
     3                           	opt	lm
     4                           	psect	cinit,global,class=CODE,merge=1,delta=2
     5                           	psect	bssCOMMON,global,class=COMMON,space=1,delta=1
     6                           	psect	bssBANK0,global,class=BANK0,space=1,delta=1
     7                           	psect	cstackCOMMON,global,class=COMMON,space=1,delta=1
     8                           	psect	cstackBANK0,global,class=BANK0,space=1,delta=1
     9                           	psect	maintext,global,class=CODE,split=1,delta=2
    10                           	psect	text1,local,class=CODE,merge=1,delta=2,group=2
    11                           	psect	text2,local,class=CODE,merge=1,delta=2
    12                           	psect	text3,local,class=CODE,merge=1,delta=2
    13                           	psect	text4,local,class=CODE,merge=1,delta=2
    14                           	psect	text5,local,class=CODE,merge=1,delta=2
    15                           	psect	text6,local,class=CODE,merge=1,delta=2,group=2
    16                           	psect	text7,local,class=CODE,merge=1,delta=2,group=2
    17                           	psect	text8,local,class=CODE,merge=1,delta=2,group=2
    18                           	psect	text9,local,class=CODE,merge=1,delta=2
    19                           	psect	intentry,global,class=CODE,delta=2
    20                           	dabs	1,0x7E,2
    21  0000                     
    22                           ; Version 1.45
    23                           ; Generated 16/11/2017 GMT
    24                           ; 
    25                           ; Copyright © 2017, Microchip Technology Inc. and its subsidiaries ("Microchip")
    26                           ; All rights reserved.
    27                           ; 
    28                           ; This software is developed by Microchip Technology Inc. and its subsidiaries ("Microch
      +                          ip").
    29                           ; 
    30                           ; Redistribution and use in source and binary forms, with or without modification, are
    31                           ; permitted provided that the following conditions are met:
    32                           ; 
    33                           ;     1. Redistributions of source code must retain the above copyright notice, this lis
      +                          t of
    34                           ;        conditions and the following disclaimer.
    35                           ; 
    36                           ;     2. Redistributions in binary form must reproduce the above copyright notice, this 
      +                          list
    37                           ;        of conditions and the following disclaimer in the documentation and/or other
    38                           ;        materials provided with the distribution.
    39                           ; 
    40                           ;     3. Microchip's name may not be used to endorse or promote products derived from th
      +                          is
    41                           ;        software without specific prior written permission.
    42                           ; 
    43                           ; THIS SOFTWARE IS PROVIDED BY MICROCHIP "AS IS" AND ANY EXPRESS OR IMPLIED WARRANTIES,
    44                           ; INCLUDING, BUT NOT LIMITED TO, THE IMPLIED WARRANTIES OF MERCHANTABILITY AND FITNESS F
      +                          OR
    45                           ; PURPOSE ARE DISCLAIMED.  IN NO EVENT SHALL MICROCHIP BE LIABLE FOR ANY DIRECT, INDIREC
      +                          T,
    46                           ; INCIDENTAL, SPECIAL, EXEMPLARY, OR CONSEQUENTIAL DAMAGES (INCLUDING BUT NOT LIMITED TO
    47                           ; PROCUREMENT OF SUBSTITUTE GOODS OR SERVICES; LOSS OF USE, DATA OR PROFITS; OR BUSINESS
    48                           ; INTERRUPTION) HOWSOEVER CAUSED AND ON ANY THEORY OF LIABILITY, WHETHER IN CONTRACT, ST
      +                          RICT
    49                           ; LIABILITY, OR TORT (INCLUDING NEGLIGENCE OR OTHERWISE) ARISING IN ANY WAY OUT OF THE U
      +                          SE OF
    50                           ; THIS SOFTWARE, EVEN IF ADVISED OF THE POSSIBILITY OF SUCH DAMAGE.
    51                           ; 
    52                           ; 
    53                           ; Code-generator required, PIC16F887 Definitions
    54                           ; 
    55                           ; SFR Addresses
    56  0000                     	;# 
    57  0001                     	;# 
    58  0002                     	;# 
    59  0003                     	;# 
    60  0004                     	;# 
    61  0005                     	;# 
    62  0006                     	;# 
    63  0007                     	;# 
    64  0008                     	;# 
    65  0009                     	;# 
    66  000A                     	;# 
    67  000B                     	;# 
    68  000C                     	;# 
    69  000D                     	;# 
    70  000E                     	;# 
    71  000E                     	;# 
    72  000F                     	;# 
    73  0010                     	;# 
    74  0011                     	;# 
    75  0012                     	;# 
    76  0013                     	;# 
    77  0014                     	;# 
    78  0015                     	;# 
    79  0015                     	;# 
    80  0016                     	;# 
    81  0017                     	;# 
    82  0018                     	;# 
    83  0019                     	;# 
    84  001A                     	;# 
    85  001B                     	;# 
    86  001B                     	;# 
    87  001C                     	;# 
    88  001D                     	;# 
    89  001E                     	;# 
    90  001F                     	;# 
    91  0081                     	;# 
    92  0085                     	;# 
    93  0086                     	;# 
    94  0087                     	;# 
    95  0088                     	;# 
    96  0089                     	;# 
    97  008C                     	;# 
    98  008D                     	;# 
    99  008E                     	;# 
   100  008F                     	;# 
   101  0090                     	;# 
   102  0091                     	;# 
   103  0092                     	;# 
   104  0093                     	;# 
   105  0093                     	;# 
   106  0093                     	;# 
   107  0094                     	;# 
   108  0095                     	;# 
   109  0096                     	;# 
   110  0097                     	;# 
   111  0098                     	;# 
   112  0099                     	;# 
   113  009A                     	;# 
   114  009B                     	;# 
   115  009C                     	;# 
   116  009D                     	;# 
   117  009E                     	;# 
   118  009F                     	;# 
   119  0105                     	;# 
   120  0107                     	;# 
   121  0108                     	;# 
   122  0109                     	;# 
   123  010C                     	;# 
   124  010C                     	;# 
   125  010D                     	;# 
   126  010E                     	;# 
   127  010F                     	;# 
   128  0185                     	;# 
   129  0187                     	;# 
   130  0188                     	;# 
   131  0189                     	;# 
   132  018C                     	;# 
   133  018D                     	;# 
   134  000E                     _TMR1	set	14
   135  001E                     _ADRESH	set	30
   136  000B                     _INTCONbits	set	11
   137  0010                     _T1CONbits	set	16
   138  0010                     _T1CON	set	16
   139  0005                     _PORTA	set	5
   140  0006                     _PORTB	set	6
   141  001F                     _ADCON0bits	set	31
   142  000C                     _PIR1bits	set	12
   143  009E                     _ADRESL	set	158
   144  009F                     _ADCON1bits	set	159
   145  008C                     _PIE1bits	set	140
   146  0086                     _TRISB	set	134
   147  0085                     _TRISA	set	133
   148  0189                     _ANSELH	set	393
   149  0188                     _ANSEL	set	392
   150                           
   151                           ; #config settings
   152  0000                     
   153                           	psect	cinit
   154  0015                     start_initialization:	
   155  0015                     __initialization:	
   156                           
   157                           ; Clear objects allocated to COMMON
   158  0015  01F6               	clrf	__pbssCOMMON& (0+127)
   159  0016  01F7               	clrf	(__pbssCOMMON+1)& (0+127)
   160  0017  01F8               	clrf	(__pbssCOMMON+2)& (0+127)
   161  0018  01F9               	clrf	(__pbssCOMMON+3)& (0+127)
   162                           
   163                           ; Clear objects allocated to BANK0
   164  0019  1283               	bcf	3,5	;RP0=0, select bank0
   165  001A  1303               	bcf	3,6	;RP1=0, select bank0
   166  001B  01BE               	clrf	__pbssBANK0& (0+127)
   167  001C  01BF               	clrf	(__pbssBANK0+1)& (0+127)
   168  001D  01C0               	clrf	(__pbssBANK0+2)& (0+127)
   169  001E                     end_of_initialization:	
   170                           ;End of C runtime variable initialization code
   171                           
   172  001E                     __end_of__initialization:	
   173  001E  0183               	clrf	3
   174  001F  120A  118A  2822   	ljmp	_main	;jump to C main() function
   175                           
   176                           	psect	bssCOMMON
   177  0076                     __pbssCOMMON:	
   178  0076                     _volt:	
   179  0076                     	ds	3
   180  0079                     _BanderaConversion:	
   181  0079                     	ds	1
   182                           
   183                           	psect	bssBANK0
   184  003E                     __pbssBANK0:	
   185  003E                     _adc:	
   186  003E                     	ds	2
   187  0040                     _Contador:	
   188  0040                     	ds	1
   189                           
   190                           	psect	cstackCOMMON
   191  0070                     __pcstackCOMMON:	
   192  0070                     ?_InitES:	
   193  0070                     ?_InitTMR1:	
   194                           ; 1 bytes @ 0x0
   195                           
   196  0070                     ?_InitADC:	
   197                           ; 1 bytes @ 0x0
   198                           
   199  0070                     ?_Adquisicion:	
   200                           ; 1 bytes @ 0x0
   201                           
   202  0070                     ?_rutinainterrupciones:	
   203                           ; 1 bytes @ 0x0
   204                           
   205  0070                     ??_rutinainterrupciones:	
   206                           ; 1 bytes @ 0x0
   207                           
   208  0070                     ?_main:	
   209                           ; 1 bytes @ 0x0
   210                           
   211                           
   212                           ; 1 bytes @ 0x0
   213  0070                     	ds	4
   214  0074                     ??_InitES:	
   215  0074                     ??_InitTMR1:	
   216                           ; 1 bytes @ 0x4
   217                           
   218  0074                     ??_InitADC:	
   219                           ; 1 bytes @ 0x4
   220                           
   221  0074                     ??___awtoft:	
   222                           ; 1 bytes @ 0x4
   223                           
   224                           
   225                           ; 1 bytes @ 0x4
   226  0074                     	ds	2
   227  0076                     ??_main:	
   228                           
   229                           	psect	cstackBANK0
   230  0020                     __pcstackBANK0:	
   231                           ; 1 bytes @ 0x6
   232                           
   233  0020                     ?___ftge:	
   234  0020                     ?___ftpack:	
   235                           ; 1 bit 
   236                           
   237  0020                     ___ftpack@arg:	
   238                           ; 3 bytes @ 0x0
   239                           
   240  0020                     ___ftge@ff1:	
   241                           ; 3 bytes @ 0x0
   242                           
   243                           
   244                           ; 3 bytes @ 0x0
   245  0020                     	ds	3
   246  0023                     ___ftpack@exp:	
   247  0023                     ___ftge@ff2:	
   248                           ; 1 bytes @ 0x3
   249                           
   250                           
   251                           ; 3 bytes @ 0x3
   252  0023                     	ds	1
   253  0024                     ___ftpack@sign:	
   254                           
   255                           ; 1 bytes @ 0x4
   256  0024                     	ds	1
   257  0025                     ??___ftpack:	
   258                           
   259                           ; 1 bytes @ 0x5
   260  0025                     	ds	1
   261  0026                     ??___ftge:	
   262                           
   263                           ; 1 bytes @ 0x6
   264  0026                     	ds	2
   265  0028                     ?___awtoft:	
   266  0028                     ___awtoft@c:	
   267                           ; 3 bytes @ 0x8
   268                           
   269                           
   270                           ; 2 bytes @ 0x8
   271  0028                     	ds	3
   272  002B                     ___awtoft@sign:	
   273                           
   274                           ; 1 bytes @ 0xB
   275  002B                     	ds	1
   276  002C                     ?___ftmul:	
   277  002C                     ___ftmul@f1:	
   278                           ; 3 bytes @ 0xC
   279                           
   280                           
   281                           ; 3 bytes @ 0xC
   282  002C                     	ds	3
   283  002F                     ___ftmul@f2:	
   284                           
   285                           ; 3 bytes @ 0xF
   286  002F                     	ds	3
   287  0032                     ??___ftmul:	
   288                           
   289                           ; 1 bytes @ 0x12
   290  0032                     	ds	4
   291  0036                     ___ftmul@exp:	
   292                           
   293                           ; 1 bytes @ 0x16
   294  0036                     	ds	1
   295  0037                     ___ftmul@f3_as_product:	
   296                           
   297                           ; 3 bytes @ 0x17
   298  0037                     	ds	3
   299  003A                     ___ftmul@cntr:	
   300                           
   301                           ; 1 bytes @ 0x1A
   302  003A                     	ds	1
   303  003B                     ___ftmul@sign:	
   304                           
   305                           ; 1 bytes @ 0x1B
   306  003B                     	ds	1
   307  003C                     ??_Adquisicion:	
   308                           
   309                           ; 1 bytes @ 0x1C
   310  003C                     	ds	2
   311                           
   312                           	psect	maintext
   313  0022                     __pmaintext:	
   314 ;;
   315 ;;Main: autosize = 0, tempsize = 0, incstack = 0, save=0
   316 ;;
   317 ;; *************** function _main *****************
   318 ;; Defined at:
   319 ;;		line 56 in file "lab2ej2.c"
   320 ;; Parameters:    Size  Location     Type
   321 ;;		None
   322 ;; Auto vars:     Size  Location     Type
   323 ;;		None
   324 ;; Return value:  Size  Location     Type
   325 ;;                  1    wreg      void 
   326 ;; Registers used:
   327 ;;		wreg, status,2, status,0, btemp+1, pclath, cstack
   328 ;; Tracked objects:
   329 ;;		On entry : B00/0
   330 ;;		On exit  : 0/0
   331 ;;		Unchanged: 0/0
   332 ;; Data sizes:     COMMON   BANK0   BANK1   BANK3   BANK2
   333 ;;      Params:         0       0       0       0       0
   334 ;;      Locals:         0       0       0       0       0
   335 ;;      Temps:          0       0       0       0       0
   336 ;;      Totals:         0       0       0       0       0
   337 ;;Total ram usage:        0 bytes
   338 ;; Hardware stack levels required when called:    4
   339 ;; This function calls:
   340 ;;		_Adquisicion
   341 ;;		_InitADC
   342 ;;		_InitES
   343 ;;		_InitTMR1
   344 ;;		___ftge
   345 ;; This function is called by:
   346 ;;		Startup code after reset
   347 ;; This function uses a non-reentrant model
   348 ;;
   349                           
   350                           
   351                           ;psect for function _main
   352  0022                     _main:	
   353                           
   354                           ;lab2ej2.c: 58: InitES();
   355                           
   356                           ;incstack = 0
   357                           ; Regs used in _main: [wreg+status,2+status,0+btemp+1+pclath+cstack]
   358  0022  120A  118A  234B  120A  118A  	fcall	_InitES
   359                           
   360                           ;lab2ej2.c: 59: InitTMR1();
   361  0027  120A  118A  2336  120A  118A  	fcall	_InitTMR1
   362                           
   363                           ;lab2ej2.c: 60: InitADC();
   364  002C  120A  118A  2304  120A  118A  	fcall	_InitADC
   365  0031                     l1055:	
   366                           ;lab2ej2.c: 62: while(1)
   367                           
   368                           
   369                           ;lab2ej2.c: 63: {
   370                           ;lab2ej2.c: 64: if(BanderaConversion==1)
   371  0031  0379               	decf	_BanderaConversion,w
   372  0032  1D03               	btfss	3,2
   373  0033  283A               	goto	l1061
   374                           
   375                           ;lab2ej2.c: 65: {
   376                           ;lab2ej2.c: 66: BanderaConversion=0;
   377  0034  01F9               	clrf	_BanderaConversion
   378                           
   379                           ;lab2ej2.c: 67: Adquisicion();
   380  0035  120A  118A  2299  120A  118A  	fcall	_Adquisicion
   381  003A                     l1061:	
   382                           
   383                           ;lab2ej2.c: 68: }
   384                           ;lab2ej2.c: 69: if (volt>=0.555)
   385  003A  0876               	movf	_volt,w
   386  003B  1283               	bcf	3,5	;RP0=0, select bank0
   387  003C  1303               	bcf	3,6	;RP1=0, select bank0
   388  003D  00A0               	movwf	___ftge@ff1
   389  003E  0877               	movf	_volt+1,w
   390  003F  00A1               	movwf	___ftge@ff1+1
   391  0040  0878               	movf	_volt+2,w
   392  0041  00A2               	movwf	___ftge@ff1+2
   393  0042  3014               	movlw	20
   394  0043  00A3               	movwf	___ftge@ff2
   395  0044  300E               	movlw	14
   396  0045  00A4               	movwf	___ftge@ff2+1
   397  0046  303F               	movlw	63
   398  0047  00A5               	movwf	___ftge@ff2+2
   399  0048  120A  118A  223A  120A  118A  	fcall	___ftge
   400  004D  1C03               	btfss	3,0
   401  004E  28F5               	goto	l1093
   402                           
   403                           ;lab2ej2.c: 70: {
   404                           ;lab2ej2.c: 71: PORTB=0b00000001;
   405  004F  3001               	movlw	1
   406  0050  1283               	bcf	3,5	;RP0=0, select bank0
   407  0051  1303               	bcf	3,6	;RP1=0, select bank0
   408  0052  0086               	movwf	6	;volatile
   409                           
   410                           ;lab2ej2.c: 73: if (volt>=1.11)
   411  0053  0876               	movf	_volt,w
   412  0054  00A0               	movwf	___ftge@ff1
   413  0055  0877               	movf	_volt+1,w
   414  0056  00A1               	movwf	___ftge@ff1+1
   415  0057  0878               	movf	_volt+2,w
   416  0058  00A2               	movwf	___ftge@ff1+2
   417  0059  3014               	movlw	20
   418  005A  00A3               	movwf	___ftge@ff2
   419  005B  308E               	movlw	142
   420  005C  00A4               	movwf	___ftge@ff2+1
   421  005D  303F               	movlw	63
   422  005E  00A5               	movwf	___ftge@ff2+2
   423  005F  120A  118A  223A  120A  118A  	fcall	___ftge
   424  0064  1C03               	btfss	3,0
   425  0065  2831               	goto	l1055
   426                           
   427                           ;lab2ej2.c: 74: {
   428                           ;lab2ej2.c: 75: PORTB=0b00000011;
   429  0066  3003               	movlw	3
   430  0067  1283               	bcf	3,5	;RP0=0, select bank0
   431  0068  1303               	bcf	3,6	;RP1=0, select bank0
   432  0069  0086               	movwf	6	;volatile
   433                           
   434                           ;lab2ej2.c: 76: if (volt>=1.665)
   435  006A  0876               	movf	_volt,w
   436  006B  00A0               	movwf	___ftge@ff1
   437  006C  0877               	movf	_volt+1,w
   438  006D  00A1               	movwf	___ftge@ff1+1
   439  006E  0878               	movf	_volt+2,w
   440  006F  00A2               	movwf	___ftge@ff1+2
   441  0070  301F               	movlw	31
   442  0071  00A3               	movwf	___ftge@ff2
   443  0072  30D5               	movlw	213
   444  0073  00A4               	movwf	___ftge@ff2+1
   445  0074  303F               	movlw	63
   446  0075  00A5               	movwf	___ftge@ff2+2
   447  0076  120A  118A  223A  120A  118A  	fcall	___ftge
   448  007B  1C03               	btfss	3,0
   449  007C  2831               	goto	l1055
   450                           
   451                           ;lab2ej2.c: 77: {
   452                           ;lab2ej2.c: 78: PORTB=0b00000111;
   453  007D  3007               	movlw	7
   454  007E  1283               	bcf	3,5	;RP0=0, select bank0
   455  007F  1303               	bcf	3,6	;RP1=0, select bank0
   456  0080  0086               	movwf	6	;volatile
   457                           
   458                           ;lab2ej2.c: 79: if (volt>=2.22)
   459  0081  0876               	movf	_volt,w
   460  0082  00A0               	movwf	___ftge@ff1
   461  0083  0877               	movf	_volt+1,w
   462  0084  00A1               	movwf	___ftge@ff1+1
   463  0085  0878               	movf	_volt+2,w
   464  0086  00A2               	movwf	___ftge@ff1+2
   465  0087  3014               	movlw	20
   466  0088  00A3               	movwf	___ftge@ff2
   467  0089  300E               	movlw	14
   468  008A  00A4               	movwf	___ftge@ff2+1
   469  008B  3040               	movlw	64
   470  008C  00A5               	movwf	___ftge@ff2+2
   471  008D  120A  118A  223A  120A  118A  	fcall	___ftge
   472  0092  1C03               	btfss	3,0
   473  0093  2831               	goto	l1055
   474                           
   475                           ;lab2ej2.c: 80: {
   476                           ;lab2ej2.c: 81: PORTB=0b00001111;
   477  0094  300F               	movlw	15
   478  0095  1283               	bcf	3,5	;RP0=0, select bank0
   479  0096  1303               	bcf	3,6	;RP1=0, select bank0
   480  0097  0086               	movwf	6	;volatile
   481                           
   482                           ;lab2ej2.c: 82: if (volt>=2.775)
   483  0098  0876               	movf	_volt,w
   484  0099  00A0               	movwf	___ftge@ff1
   485  009A  0877               	movf	_volt+1,w
   486  009B  00A1               	movwf	___ftge@ff1+1
   487  009C  0878               	movf	_volt+2,w
   488  009D  00A2               	movwf	___ftge@ff1+2
   489  009E  309A               	movlw	154
   490  009F  00A3               	movwf	___ftge@ff2
   491  00A0  3031               	movlw	49
   492  00A1  00A4               	movwf	___ftge@ff2+1
   493  00A2  3040               	movlw	64
   494  00A3  00A5               	movwf	___ftge@ff2+2
   495  00A4  120A  118A  223A  120A  118A  	fcall	___ftge
   496  00A9  1C03               	btfss	3,0
   497  00AA  2831               	goto	l1055
   498                           
   499                           ;lab2ej2.c: 83: {
   500                           ;lab2ej2.c: 84: PORTB=0b00011111;
   501  00AB  301F               	movlw	31
   502  00AC  1283               	bcf	3,5	;RP0=0, select bank0
   503  00AD  1303               	bcf	3,6	;RP1=0, select bank0
   504  00AE  0086               	movwf	6	;volatile
   505                           
   506                           ;lab2ej2.c: 85: if (volt>=3.33)
   507  00AF  0876               	movf	_volt,w
   508  00B0  00A0               	movwf	___ftge@ff1
   509  00B1  0877               	movf	_volt+1,w
   510  00B2  00A1               	movwf	___ftge@ff1+1
   511  00B3  0878               	movf	_volt+2,w
   512  00B4  00A2               	movwf	___ftge@ff1+2
   513  00B5  301F               	movlw	31
   514  00B6  00A3               	movwf	___ftge@ff2
   515  00B7  3055               	movlw	85
   516  00B8  00A4               	movwf	___ftge@ff2+1
   517  00B9  3040               	movlw	64
   518  00BA  00A5               	movwf	___ftge@ff2+2
   519  00BB  120A  118A  223A  120A  118A  	fcall	___ftge
   520  00C0  1C03               	btfss	3,0
   521  00C1  2831               	goto	l1055
   522                           
   523                           ;lab2ej2.c: 86: {
   524                           ;lab2ej2.c: 87: PORTB=0b00111111;
   525  00C2  303F               	movlw	63
   526  00C3  1283               	bcf	3,5	;RP0=0, select bank0
   527  00C4  1303               	bcf	3,6	;RP1=0, select bank0
   528  00C5  0086               	movwf	6	;volatile
   529                           
   530                           ;lab2ej2.c: 88: if (volt>=3.885)
   531  00C6  0876               	movf	_volt,w
   532  00C7  00A0               	movwf	___ftge@ff1
   533  00C8  0877               	movf	_volt+1,w
   534  00C9  00A1               	movwf	___ftge@ff1+1
   535  00CA  0878               	movf	_volt+2,w
   536  00CB  00A2               	movwf	___ftge@ff1+2
   537  00CC  30A4               	movlw	164
   538  00CD  00A3               	movwf	___ftge@ff2
   539  00CE  3078               	movlw	120
   540  00CF  00A4               	movwf	___ftge@ff2+1
   541  00D0  3040               	movlw	64
   542  00D1  00A5               	movwf	___ftge@ff2+2
   543  00D2  120A  118A  223A  120A  118A  	fcall	___ftge
   544  00D7  1C03               	btfss	3,0
   545  00D8  2831               	goto	l1055
   546                           
   547                           ;lab2ej2.c: 89: {
   548                           ;lab2ej2.c: 90: PORTB=0b01111111;
   549  00D9  307F               	movlw	127
   550  00DA  1283               	bcf	3,5	;RP0=0, select bank0
   551  00DB  1303               	bcf	3,6	;RP1=0, select bank0
   552  00DC  0086               	movwf	6	;volatile
   553                           
   554                           ;lab2ej2.c: 91: if (volt>=4.44)
   555  00DD  0876               	movf	_volt,w
   556  00DE  00A0               	movwf	___ftge@ff1
   557  00DF  0877               	movf	_volt+1,w
   558  00E0  00A1               	movwf	___ftge@ff1+1
   559  00E1  0878               	movf	_volt+2,w
   560  00E2  00A2               	movwf	___ftge@ff1+2
   561  00E3  3014               	movlw	20
   562  00E4  00A3               	movwf	___ftge@ff2
   563  00E5  308E               	movlw	142
   564  00E6  00A4               	movwf	___ftge@ff2+1
   565  00E7  3040               	movlw	64
   566  00E8  00A5               	movwf	___ftge@ff2+2
   567  00E9  120A  118A  223A  120A  118A  	fcall	___ftge
   568  00EE  1C03               	btfss	3,0
   569  00EF  2831               	goto	l1055
   570                           
   571                           ;lab2ej2.c: 92: {
   572                           ;lab2ej2.c: 93: PORTB=0b11111111;
   573  00F0  30FF               	movlw	255
   574  00F1  1283               	bcf	3,5	;RP0=0, select bank0
   575  00F2  1303               	bcf	3,6	;RP1=0, select bank0
   576  00F3  0086               	movwf	6	;volatile
   577                           
   578                           ;lab2ej2.c: 94: }
   579                           ;lab2ej2.c: 95: }
   580                           ;lab2ej2.c: 96: }
   581                           ;lab2ej2.c: 97: }
   582                           ;lab2ej2.c: 98: }
   583                           ;lab2ej2.c: 99: }
   584                           ;lab2ej2.c: 100: }
   585                           ;lab2ej2.c: 101: }
   586  00F4  2831               	goto	l1055
   587  00F5                     l1093:	
   588                           
   589                           ;lab2ej2.c: 102: else
   590                           ;lab2ej2.c: 103: {
   591                           ;lab2ej2.c: 104: PORTB=0;
   592  00F5  1283               	bcf	3,5	;RP0=0, select bank0
   593  00F6  1303               	bcf	3,6	;RP1=0, select bank0
   594  00F7  0186               	clrf	6	;volatile
   595  00F8  2831               	goto	l1055
   596  00F9                     __end_of_main:	
   597                           
   598                           	psect	text1
   599  023A                     __ptext1:	
   600 ;; *************** function ___ftge *****************
   601 ;; Defined at:
   602 ;;		line 4 in file "C:\Program Files (x86)\Microchip\xc8\v1.45\sources\common\ftge.c"
   603 ;; Parameters:    Size  Location     Type
   604 ;;  ff1             3    0[BANK0 ] float 
   605 ;;  ff2             3    3[BANK0 ] float 
   606 ;; Auto vars:     Size  Location     Type
   607 ;;		None
   608 ;; Return value:  Size  Location     Type
   609 ;;		None               void
   610 ;; Registers used:
   611 ;;		wreg, status,2, status,0
   612 ;; Tracked objects:
   613 ;;		On entry : 0/0
   614 ;;		On exit  : 0/0
   615 ;;		Unchanged: 0/0
   616 ;; Data sizes:     COMMON   BANK0   BANK1   BANK3   BANK2
   617 ;;      Params:         0       6       0       0       0
   618 ;;      Locals:         0       0       0       0       0
   619 ;;      Temps:          0       6       0       0       0
   620 ;;      Totals:         0      12       0       0       0
   621 ;;Total ram usage:       12 bytes
   622 ;; Hardware stack levels used:    1
   623 ;; Hardware stack levels required when called:    1
   624 ;; This function calls:
   625 ;;		Nothing
   626 ;; This function is called by:
   627 ;;		_main
   628 ;; This function uses a non-reentrant model
   629 ;;
   630                           
   631                           
   632                           ;psect for function ___ftge
   633  023A                     ___ftge:	
   634                           
   635                           ;incstack = 0
   636                           ; Regs used in ___ftge: [wreg+status,2+status,0]
   637  023A  1283               	bcf	3,5	;RP0=0, select bank0
   638  023B  1303               	bcf	3,6	;RP1=0, select bank0
   639  023C  1FA2               	btfss	___ftge@ff1+2,7
   640  023D  2A63               	goto	l1035
   641  023E  3000               	movlw	0
   642  023F  00A6               	movwf	??___ftge
   643  0240  3000               	movlw	0
   644  0241  00A7               	movwf	??___ftge+1
   645  0242  3080               	movlw	128
   646  0243  00A8               	movwf	??___ftge+2
   647  0244  0920               	comf	___ftge@ff1,w
   648  0245  00A9               	movwf	??___ftge+3
   649  0246  0921               	comf	___ftge@ff1+1,w
   650  0247  00AA               	movwf	??___ftge+4
   651  0248  0922               	comf	___ftge@ff1+2,w
   652  0249  00AB               	movwf	??___ftge+5
   653  024A  0AA9               	incf	??___ftge+3,f
   654  024B  1903               	skipnz
   655  024C  0AAA               	incf	??___ftge+4,f
   656  024D  1903               	skipnz
   657  024E  0AAB               	incf	??___ftge+5,f
   658  024F  0829               	movf	??___ftge+3,w
   659  0250  07A6               	addwf	??___ftge,f
   660  0251  082A               	movf	??___ftge+4,w
   661  0252  1803               	skipnc
   662  0253  0F2A               	incfsz	??___ftge+4,w
   663  0254  2A56               	goto	u1131
   664  0255  2A57               	goto	u1132
   665  0256                     u1131:	
   666  0256  07A7               	addwf	??___ftge+1,f
   667  0257                     u1132:	
   668  0257  082B               	movf	??___ftge+5,w
   669  0258  1803               	skipnc
   670  0259  0F2B               	incfsz	??___ftge+5,w
   671  025A  2A5C               	goto	u1133
   672  025B  2A5D               	goto	u1134
   673  025C                     u1133:	
   674  025C  07A8               	addwf	??___ftge+2,f
   675  025D                     u1134:	
   676  025D  0826               	movf	??___ftge,w
   677  025E  00A0               	movwf	___ftge@ff1
   678  025F  0827               	movf	??___ftge+1,w
   679  0260  00A1               	movwf	___ftge@ff1+1
   680  0261  0828               	movf	??___ftge+2,w
   681  0262  00A2               	movwf	___ftge@ff1+2
   682  0263                     l1035:	
   683  0263  1FA5               	btfss	___ftge@ff2+2,7
   684  0264  2A8A               	goto	l1039
   685  0265  3000               	movlw	0
   686  0266  00A6               	movwf	??___ftge
   687  0267  3000               	movlw	0
   688  0268  00A7               	movwf	??___ftge+1
   689  0269  3080               	movlw	128
   690  026A  00A8               	movwf	??___ftge+2
   691  026B  0923               	comf	___ftge@ff2,w
   692  026C  00A9               	movwf	??___ftge+3
   693  026D  0924               	comf	___ftge@ff2+1,w
   694  026E  00AA               	movwf	??___ftge+4
   695  026F  0925               	comf	___ftge@ff2+2,w
   696  0270  00AB               	movwf	??___ftge+5
   697  0271  0AA9               	incf	??___ftge+3,f
   698  0272  1903               	skipnz
   699  0273  0AAA               	incf	??___ftge+4,f
   700  0274  1903               	skipnz
   701  0275  0AAB               	incf	??___ftge+5,f
   702  0276  0829               	movf	??___ftge+3,w
   703  0277  07A6               	addwf	??___ftge,f
   704  0278  082A               	movf	??___ftge+4,w
   705  0279  1803               	skipnc
   706  027A  0F2A               	incfsz	??___ftge+4,w
   707  027B  2A7D               	goto	u1151
   708  027C  2A7E               	goto	u1152
   709  027D                     u1151:	
   710  027D  07A7               	addwf	??___ftge+1,f
   711  027E                     u1152:	
   712  027E  082B               	movf	??___ftge+5,w
   713  027F  1803               	skipnc
   714  0280  0F2B               	incfsz	??___ftge+5,w
   715  0281  2A83               	goto	u1153
   716  0282  2A84               	goto	u1154
   717  0283                     u1153:	
   718  0283  07A8               	addwf	??___ftge+2,f
   719  0284                     u1154:	
   720  0284  0826               	movf	??___ftge,w
   721  0285  00A3               	movwf	___ftge@ff2
   722  0286  0827               	movf	??___ftge+1,w
   723  0287  00A4               	movwf	___ftge@ff2+1
   724  0288  0828               	movf	??___ftge+2,w
   725  0289  00A5               	movwf	___ftge@ff2+2
   726  028A                     l1039:	
   727  028A  3080               	movlw	128
   728  028B  06A2               	xorwf	___ftge@ff1+2,f
   729  028C  3080               	movlw	128
   730  028D  06A5               	xorwf	___ftge@ff2+2,f
   731  028E  0825               	movf	___ftge@ff2+2,w
   732  028F  0222               	subwf	___ftge@ff1+2,w
   733  0290  1D03               	skipz
   734  0291  0008               	return
   735  0292  0824               	movf	___ftge@ff2+1,w
   736  0293  0221               	subwf	___ftge@ff1+1,w
   737  0294  1D03               	skipz
   738  0295  0008               	return
   739  0296  0823               	movf	___ftge@ff2,w
   740  0297  0220               	subwf	___ftge@ff1,w
   741  0298  0008               	return
   742  0299                     __end_of___ftge:	
   743                           
   744                           	psect	text2
   745  0336                     __ptext2:	
   746 ;; *************** function _InitTMR1 *****************
   747 ;; Defined at:
   748 ;;		line 119 in file "lab2ej2.c"
   749 ;; Parameters:    Size  Location     Type
   750 ;;		None
   751 ;; Auto vars:     Size  Location     Type
   752 ;;		None
   753 ;; Return value:  Size  Location     Type
   754 ;;                  1    wreg      void 
   755 ;; Registers used:
   756 ;;		wreg, status,2
   757 ;; Tracked objects:
   758 ;;		On entry : 0/0
   759 ;;		On exit  : 0/0
   760 ;;		Unchanged: 0/0
   761 ;; Data sizes:     COMMON   BANK0   BANK1   BANK3   BANK2
   762 ;;      Params:         0       0       0       0       0
   763 ;;      Locals:         0       0       0       0       0
   764 ;;      Temps:          0       0       0       0       0
   765 ;;      Totals:         0       0       0       0       0
   766 ;;Total ram usage:        0 bytes
   767 ;; Hardware stack levels used:    1
   768 ;; Hardware stack levels required when called:    1
   769 ;; This function calls:
   770 ;;		Nothing
   771 ;; This function is called by:
   772 ;;		_main
   773 ;; This function uses a non-reentrant model
   774 ;;
   775                           
   776                           
   777                           ;psect for function _InitTMR1
   778  0336                     _InitTMR1:	
   779                           
   780                           ;lab2ej2.c: 121: T1CON = T1CON | 0x30;
   781                           
   782                           ;incstack = 0
   783                           ; Regs used in _InitTMR1: [wreg+status,2]
   784  0336  1283               	bcf	3,5	;RP0=0, select bank0
   785  0337  1303               	bcf	3,6	;RP1=0, select bank0
   786  0338  0810               	movf	16,w	;volatile
   787  0339  3830               	iorlw	48
   788  033A  0090               	movwf	16	;volatile
   789                           
   790                           ;lab2ej2.c: 122: T1CONbits.TMR1CS = 0;
   791  033B  1090               	bcf	16,1	;volatile
   792                           
   793                           ;lab2ej2.c: 123: T1CONbits.TMR1GE = 0;
   794  033C  1310               	bcf	16,6	;volatile
   795                           
   796                           ;lab2ej2.c: 124: TMR1=3036;
   797  033D  300B               	movlw	11
   798  033E  008F               	movwf	15	;volatile
   799  033F  30DC               	movlw	220
   800  0340  008E               	movwf	14	;volatile
   801                           
   802                           ;lab2ej2.c: 125: PIR1bits.TMR1IF = 0;
   803  0341  100C               	bcf	12,0	;volatile
   804                           
   805                           ;lab2ej2.c: 126: INTCONbits.GIE = 1;
   806  0342  178B               	bsf	11,7	;volatile
   807                           
   808                           ;lab2ej2.c: 127: INTCONbits.PEIE = 1;
   809  0343  170B               	bsf	11,6	;volatile
   810                           
   811                           ;lab2ej2.c: 128: PIE1bits.TMR1IE = 1;
   812  0344  1683               	bsf	3,5	;RP0=1, select bank1
   813  0345  1303               	bcf	3,6	;RP1=0, select bank1
   814  0346  140C               	bsf	12,0	;volatile
   815                           
   816                           ;lab2ej2.c: 129: T1CONbits.TMR1ON = 1;
   817  0347  1283               	bcf	3,5	;RP0=0, select bank0
   818  0348  1303               	bcf	3,6	;RP1=0, select bank0
   819  0349  1410               	bsf	16,0	;volatile
   820  034A  0008               	return
   821  034B                     __end_of_InitTMR1:	
   822                           
   823                           	psect	text3
   824  034B                     __ptext3:	
   825 ;; *************** function _InitES *****************
   826 ;; Defined at:
   827 ;;		line 109 in file "lab2ej2.c"
   828 ;; Parameters:    Size  Location     Type
   829 ;;		None
   830 ;; Auto vars:     Size  Location     Type
   831 ;;		None
   832 ;; Return value:  Size  Location     Type
   833 ;;                  1    wreg      void 
   834 ;; Registers used:
   835 ;;		wreg, status,2
   836 ;; Tracked objects:
   837 ;;		On entry : 0/0
   838 ;;		On exit  : 0/0
   839 ;;		Unchanged: 0/0
   840 ;; Data sizes:     COMMON   BANK0   BANK1   BANK3   BANK2
   841 ;;      Params:         0       0       0       0       0
   842 ;;      Locals:         0       0       0       0       0
   843 ;;      Temps:          0       0       0       0       0
   844 ;;      Totals:         0       0       0       0       0
   845 ;;Total ram usage:        0 bytes
   846 ;; Hardware stack levels used:    1
   847 ;; Hardware stack levels required when called:    1
   848 ;; This function calls:
   849 ;;		Nothing
   850 ;; This function is called by:
   851 ;;		_main
   852 ;; This function uses a non-reentrant model
   853 ;;
   854                           
   855                           
   856                           ;psect for function _InitES
   857  034B                     _InitES:	
   858                           
   859                           ;lab2ej2.c: 111: ANSEL=0b00000001;
   860                           
   861                           ;incstack = 0
   862                           ; Regs used in _InitES: [wreg+status,2]
   863  034B  3001               	movlw	1
   864  034C  1683               	bsf	3,5	;RP0=1, select bank3
   865  034D  1703               	bsf	3,6	;RP1=1, select bank3
   866  034E  0088               	movwf	8	;volatile
   867                           
   868                           ;lab2ej2.c: 112: ANSELH=0;
   869  034F  0189               	clrf	9	;volatile
   870                           
   871                           ;lab2ej2.c: 113: TRISA=0b00000001;
   872  0350  3001               	movlw	1
   873  0351  1683               	bsf	3,5	;RP0=1, select bank1
   874  0352  1303               	bcf	3,6	;RP1=0, select bank1
   875  0353  0085               	movwf	5	;volatile
   876                           
   877                           ;lab2ej2.c: 114: TRISB=0b00000000;
   878  0354  0186               	clrf	6	;volatile
   879                           
   880                           ;lab2ej2.c: 115: PORTB=0;
   881  0355  1283               	bcf	3,5	;RP0=0, select bank0
   882  0356  1303               	bcf	3,6	;RP1=0, select bank0
   883  0357  0186               	clrf	6	;volatile
   884                           
   885                           ;lab2ej2.c: 116: PORTA=0;
   886  0358  0185               	clrf	5	;volatile
   887  0359  0008               	return
   888  035A                     __end_of_InitES:	
   889                           
   890                           	psect	text4
   891  0304                     __ptext4:	
   892 ;; *************** function _InitADC *****************
   893 ;; Defined at:
   894 ;;		line 132 in file "lab2ej2.c"
   895 ;; Parameters:    Size  Location     Type
   896 ;;		None
   897 ;; Auto vars:     Size  Location     Type
   898 ;;		None
   899 ;; Return value:  Size  Location     Type
   900 ;;                  1    wreg      void 
   901 ;; Registers used:
   902 ;;		None
   903 ;; Tracked objects:
   904 ;;		On entry : 0/0
   905 ;;		On exit  : 0/0
   906 ;;		Unchanged: 0/0
   907 ;; Data sizes:     COMMON   BANK0   BANK1   BANK3   BANK2
   908 ;;      Params:         0       0       0       0       0
   909 ;;      Locals:         0       0       0       0       0
   910 ;;      Temps:          0       0       0       0       0
   911 ;;      Totals:         0       0       0       0       0
   912 ;;Total ram usage:        0 bytes
   913 ;; Hardware stack levels used:    1
   914 ;; Hardware stack levels required when called:    1
   915 ;; This function calls:
   916 ;;		Nothing
   917 ;; This function is called by:
   918 ;;		_main
   919 ;; This function uses a non-reentrant model
   920 ;;
   921                           
   922                           
   923                           ;psect for function _InitADC
   924  0304                     _InitADC:	
   925                           
   926                           ;lab2ej2.c: 134: ADCON0bits.CHS0=0;
   927                           
   928                           ;incstack = 0
   929                           ; Regs used in _InitADC: []
   930  0304  1283               	bcf	3,5	;RP0=0, select bank0
   931  0305  1303               	bcf	3,6	;RP1=0, select bank0
   932  0306  111F               	bcf	31,2	;volatile
   933                           
   934                           ;lab2ej2.c: 135: ADCON0bits.CHS1=0;
   935  0307  119F               	bcf	31,3	;volatile
   936                           
   937                           ;lab2ej2.c: 136: ADCON0bits.CHS2=0;
   938  0308  121F               	bcf	31,4	;volatile
   939                           
   940                           ;lab2ej2.c: 137: ADCON0bits.CHS3=0;
   941  0309  129F               	bcf	31,5	;volatile
   942                           
   943                           ;lab2ej2.c: 138: ADCON1bits.VCFG0=0;
   944  030A  1683               	bsf	3,5	;RP0=1, select bank1
   945  030B  1303               	bcf	3,6	;RP1=0, select bank1
   946  030C  121F               	bcf	31,4	;volatile
   947                           
   948                           ;lab2ej2.c: 139: ADCON1bits.VCFG1=0;
   949  030D  129F               	bcf	31,5	;volatile
   950                           
   951                           ;lab2ej2.c: 140: ADCON0bits.ADCS1=1;
   952  030E  1283               	bcf	3,5	;RP0=0, select bank0
   953  030F  1303               	bcf	3,6	;RP1=0, select bank0
   954  0310  179F               	bsf	31,7	;volatile
   955                           
   956                           ;lab2ej2.c: 141: ADCON0bits.ADCS0=0;
   957  0311  131F               	bcf	31,6	;volatile
   958                           
   959                           ;lab2ej2.c: 142: ADCON1bits.ADFM=1;
   960  0312  1683               	bsf	3,5	;RP0=1, select bank1
   961  0313  1303               	bcf	3,6	;RP1=0, select bank1
   962  0314  179F               	bsf	31,7	;volatile
   963                           
   964                           ;lab2ej2.c: 143: ADCON0bits.ADON=1;
   965  0315  1283               	bcf	3,5	;RP0=0, select bank0
   966  0316  1303               	bcf	3,6	;RP1=0, select bank0
   967  0317  141F               	bsf	31,0	;volatile
   968                           
   969                           ;lab2ej2.c: 144: PIE1bits.ADIE=0;
   970  0318  1683               	bsf	3,5	;RP0=1, select bank1
   971  0319  1303               	bcf	3,6	;RP1=0, select bank1
   972  031A  130C               	bcf	12,6	;volatile
   973                           
   974                           ;lab2ej2.c: 145: ADCON0bits.GO_DONE=0;
   975  031B  1283               	bcf	3,5	;RP0=0, select bank0
   976  031C  1303               	bcf	3,6	;RP1=0, select bank0
   977  031D  109F               	bcf	31,1	;volatile
   978  031E  0008               	return
   979  031F                     __end_of_InitADC:	
   980                           
   981                           	psect	text5
   982  0299                     __ptext5:	
   983 ;; *************** function _Adquisicion *****************
   984 ;; Defined at:
   985 ;;		line 148 in file "lab2ej2.c"
   986 ;; Parameters:    Size  Location     Type
   987 ;;		None
   988 ;; Auto vars:     Size  Location     Type
   989 ;;		None
   990 ;; Return value:  Size  Location     Type
   991 ;;                  1    wreg      void 
   992 ;; Registers used:
   993 ;;		wreg, status,2, status,0, btemp+1, pclath, cstack
   994 ;; Tracked objects:
   995 ;;		On entry : 0/0
   996 ;;		On exit  : 0/0
   997 ;;		Unchanged: 0/0
   998 ;; Data sizes:     COMMON   BANK0   BANK1   BANK3   BANK2
   999 ;;      Params:         0       0       0       0       0
  1000 ;;      Locals:         0       0       0       0       0
  1001 ;;      Temps:          0       2       0       0       0
  1002 ;;      Totals:         0       2       0       0       0
  1003 ;;Total ram usage:        2 bytes
  1004 ;; Hardware stack levels used:    1
  1005 ;; Hardware stack levels required when called:    3
  1006 ;; This function calls:
  1007 ;;		___awtoft
  1008 ;;		___ftmul
  1009 ;; This function is called by:
  1010 ;;		_main
  1011 ;; This function uses a non-reentrant model
  1012 ;;
  1013                           
  1014                           
  1015                           ;psect for function _Adquisicion
  1016  0299                     _Adquisicion:	
  1017                           
  1018                           ;lab2ej2.c: 150: adc = ADRESH;
  1019                           
  1020                           ;incstack = 0
  1021                           ; Regs used in _Adquisicion: [wreg+status,2+status,0+btemp+1+pclath+cstack]
  1022  0299  1283               	bcf	3,5	;RP0=0, select bank0
  1023  029A  1303               	bcf	3,6	;RP1=0, select bank0
  1024  029B  081E               	movf	30,w	;volatile
  1025  029C  00BC               	movwf	??_Adquisicion
  1026  029D  01BD               	clrf	??_Adquisicion+1
  1027  029E  083C               	movf	??_Adquisicion,w
  1028  029F  00BE               	movwf	_adc
  1029  02A0  083D               	movf	??_Adquisicion+1,w
  1030  02A1  00BF               	movwf	_adc+1
  1031                           
  1032                           ;lab2ej2.c: 151: adc=adc<<8;
  1033  02A2  083F               	movf	_adc+1,w
  1034  02A3  00BD               	movwf	??_Adquisicion+1
  1035  02A4  083E               	movf	_adc,w
  1036  02A5  00BC               	movwf	??_Adquisicion
  1037  02A6  083C               	movf	??_Adquisicion,w
  1038  02A7  00BD               	movwf	??_Adquisicion+1
  1039  02A8  01BC               	clrf	??_Adquisicion
  1040  02A9  083C               	movf	??_Adquisicion,w
  1041  02AA  00BE               	movwf	_adc
  1042  02AB  083D               	movf	??_Adquisicion+1,w
  1043  02AC  00BF               	movwf	_adc+1
  1044                           
  1045                           ;lab2ej2.c: 152: adc=adc+ADRESL;
  1046  02AD  1683               	bsf	3,5	;RP0=1, select bank1
  1047  02AE  1303               	bcf	3,6	;RP1=0, select bank1
  1048  02AF  081E               	movf	30,w	;volatile
  1049  02B0  1283               	bcf	3,5	;RP0=0, select bank0
  1050  02B1  1303               	bcf	3,6	;RP1=0, select bank0
  1051  02B2  073E               	addwf	_adc,w
  1052  02B3  00BC               	movwf	??_Adquisicion
  1053  02B4  083F               	movf	_adc+1,w
  1054  02B5  1803               	skipnc
  1055  02B6  0A3F               	incf	_adc+1,w
  1056  02B7  00BD               	movwf	??_Adquisicion+1
  1057  02B8  083C               	movf	??_Adquisicion,w
  1058  02B9  00BE               	movwf	_adc
  1059  02BA  083D               	movf	??_Adquisicion+1,w
  1060  02BB  00BF               	movwf	_adc+1
  1061                           
  1062                           ;lab2ej2.c: 153: volt=adc*(5.0/1023.0);
  1063  02BC  3028               	movlw	40
  1064  02BD  00AC               	movwf	___ftmul@f1
  1065  02BE  30A0               	movlw	160
  1066  02BF  00AD               	movwf	___ftmul@f1+1
  1067  02C0  303B               	movlw	59
  1068  02C1  00AE               	movwf	___ftmul@f1+2
  1069  02C2  083F               	movf	_adc+1,w
  1070  02C3  00A9               	movwf	___awtoft@c+1
  1071  02C4  083E               	movf	_adc,w
  1072  02C5  00A8               	movwf	___awtoft@c
  1073  02C6  120A  118A  22DF  120A  118A  	fcall	___awtoft
  1074  02CB  1283               	bcf	3,5	;RP0=0, select bank0
  1075  02CC  1303               	bcf	3,6	;RP1=0, select bank0
  1076  02CD  0828               	movf	?___awtoft,w
  1077  02CE  00AF               	movwf	___ftmul@f2
  1078  02CF  0829               	movf	?___awtoft+1,w
  1079  02D0  00B0               	movwf	___ftmul@f2+1
  1080  02D1  082A               	movf	?___awtoft+2,w
  1081  02D2  00B1               	movwf	___ftmul@f2+2
  1082  02D3  120A  118A  20F9   	fcall	___ftmul
  1083  02D6  1283               	bcf	3,5	;RP0=0, select bank0
  1084  02D7  1303               	bcf	3,6	;RP1=0, select bank0
  1085  02D8  082C               	movf	?___ftmul,w
  1086  02D9  00F6               	movwf	_volt
  1087  02DA  082D               	movf	?___ftmul+1,w
  1088  02DB  00F7               	movwf	_volt+1
  1089  02DC  082E               	movf	?___ftmul+2,w
  1090  02DD  00F8               	movwf	_volt+2
  1091  02DE  0008               	return
  1092  02DF                     __end_of_Adquisicion:	
  1093                           
  1094                           	psect	text6
  1095  00F9                     __ptext6:	
  1096 ;; *************** function ___ftmul *****************
  1097 ;; Defined at:
  1098 ;;		line 62 in file "C:\Program Files (x86)\Microchip\xc8\v1.45\sources\common\ftmul.c"
  1099 ;; Parameters:    Size  Location     Type
  1100 ;;  f1              3   12[BANK0 ] float 
  1101 ;;  f2              3   15[BANK0 ] float 
  1102 ;; Auto vars:     Size  Location     Type
  1103 ;;  f3_as_produc    3   23[BANK0 ] unsigned um
  1104 ;;  sign            1   27[BANK0 ] unsigned char 
  1105 ;;  cntr            1   26[BANK0 ] unsigned char 
  1106 ;;  exp             1   22[BANK0 ] unsigned char 
  1107 ;; Return value:  Size  Location     Type
  1108 ;;                  3   12[BANK0 ] float 
  1109 ;; Registers used:
  1110 ;;		wreg, status,2, status,0, pclath, cstack
  1111 ;; Tracked objects:
  1112 ;;		On entry : 0/0
  1113 ;;		On exit  : 0/0
  1114 ;;		Unchanged: 0/0
  1115 ;; Data sizes:     COMMON   BANK0   BANK1   BANK3   BANK2
  1116 ;;      Params:         0       6       0       0       0
  1117 ;;      Locals:         0       6       0       0       0
  1118 ;;      Temps:          0       4       0       0       0
  1119 ;;      Totals:         0      16       0       0       0
  1120 ;;Total ram usage:       16 bytes
  1121 ;; Hardware stack levels used:    1
  1122 ;; Hardware stack levels required when called:    2
  1123 ;; This function calls:
  1124 ;;		___ftpack
  1125 ;; This function is called by:
  1126 ;;		_Adquisicion
  1127 ;; This function uses a non-reentrant model
  1128 ;;
  1129                           
  1130                           
  1131                           ;psect for function ___ftmul
  1132  00F9                     ___ftmul:	
  1133                           
  1134                           ;incstack = 0
  1135                           ; Regs used in ___ftmul: [wreg+status,2+status,0+pclath+cstack]
  1136  00F9  1283               	bcf	3,5	;RP0=0, select bank0
  1137  00FA  1303               	bcf	3,6	;RP1=0, select bank0
  1138  00FB  082C               	movf	___ftmul@f1,w
  1139  00FC  00B2               	movwf	??___ftmul
  1140  00FD  082D               	movf	___ftmul@f1+1,w
  1141  00FE  00B3               	movwf	??___ftmul+1
  1142  00FF  082E               	movf	___ftmul@f1+2,w
  1143  0100  00B4               	movwf	??___ftmul+2
  1144  0101  1003               	clrc
  1145  0102  0D33               	rlf	??___ftmul+1,w
  1146  0103  0D34               	rlf	??___ftmul+2,w
  1147  0104  00B5               	movwf	??___ftmul+3
  1148  0105  0835               	movf	??___ftmul+3,w
  1149  0106  00B6               	movwf	___ftmul@exp
  1150  0107  0836               	movf	___ftmul@exp,w
  1151  0108  1D03               	btfss	3,2
  1152  0109  2911               	goto	l979
  1153  010A  3000               	movlw	0
  1154  010B  00AC               	movwf	?___ftmul
  1155  010C  3000               	movlw	0
  1156  010D  00AD               	movwf	?___ftmul+1
  1157  010E  3000               	movlw	0
  1158  010F  00AE               	movwf	?___ftmul+2
  1159  0110  0008               	return
  1160  0111                     l979:	
  1161  0111  082F               	movf	___ftmul@f2,w
  1162  0112  00B2               	movwf	??___ftmul
  1163  0113  0830               	movf	___ftmul@f2+1,w
  1164  0114  00B3               	movwf	??___ftmul+1
  1165  0115  0831               	movf	___ftmul@f2+2,w
  1166  0116  00B4               	movwf	??___ftmul+2
  1167  0117  1003               	clrc
  1168  0118  0D33               	rlf	??___ftmul+1,w
  1169  0119  0D34               	rlf	??___ftmul+2,w
  1170  011A  00B5               	movwf	??___ftmul+3
  1171  011B  0835               	movf	??___ftmul+3,w
  1172  011C  00BB               	movwf	___ftmul@sign
  1173  011D  083B               	movf	___ftmul@sign,w
  1174  011E  1D03               	btfss	3,2
  1175  011F  2927               	goto	l985
  1176  0120  3000               	movlw	0
  1177  0121  00AC               	movwf	?___ftmul
  1178  0122  3000               	movlw	0
  1179  0123  00AD               	movwf	?___ftmul+1
  1180  0124  3000               	movlw	0
  1181  0125  00AE               	movwf	?___ftmul+2
  1182  0126  0008               	return
  1183  0127                     l985:	
  1184  0127  083B               	movf	___ftmul@sign,w
  1185  0128  3E7B               	addlw	123
  1186  0129  00B2               	movwf	??___ftmul
  1187  012A  0832               	movf	??___ftmul,w
  1188  012B  07B6               	addwf	___ftmul@exp,f
  1189  012C  082C               	movf	___ftmul@f1,w
  1190  012D  00B2               	movwf	??___ftmul
  1191  012E  082D               	movf	___ftmul@f1+1,w
  1192  012F  00B3               	movwf	??___ftmul+1
  1193  0130  082E               	movf	___ftmul@f1+2,w
  1194  0131  00B4               	movwf	??___ftmul+2
  1195  0132  3010               	movlw	16
  1196  0133                     u1005:	
  1197  0133  1003               	clrc
  1198  0134  0CB4               	rrf	??___ftmul+2,f
  1199  0135  0CB3               	rrf	??___ftmul+1,f
  1200  0136  0CB2               	rrf	??___ftmul,f
  1201  0137  3EFF               	addlw	-1
  1202  0138  1D03               	skipz
  1203  0139  2933               	goto	u1005
  1204  013A  0832               	movf	??___ftmul,w
  1205  013B  00B5               	movwf	??___ftmul+3
  1206  013C  0835               	movf	??___ftmul+3,w
  1207  013D  00BB               	movwf	___ftmul@sign
  1208  013E  082F               	movf	___ftmul@f2,w
  1209  013F  00B2               	movwf	??___ftmul
  1210  0140  0830               	movf	___ftmul@f2+1,w
  1211  0141  00B3               	movwf	??___ftmul+1
  1212  0142  0831               	movf	___ftmul@f2+2,w
  1213  0143  00B4               	movwf	??___ftmul+2
  1214  0144  3010               	movlw	16
  1215  0145                     u1015:	
  1216  0145  1003               	clrc
  1217  0146  0CB4               	rrf	??___ftmul+2,f
  1218  0147  0CB3               	rrf	??___ftmul+1,f
  1219  0148  0CB2               	rrf	??___ftmul,f
  1220  0149  3EFF               	addlw	-1
  1221  014A  1D03               	skipz
  1222  014B  2945               	goto	u1015
  1223  014C  0832               	movf	??___ftmul,w
  1224  014D  00B5               	movwf	??___ftmul+3
  1225  014E  0835               	movf	??___ftmul+3,w
  1226  014F  06BB               	xorwf	___ftmul@sign,f
  1227  0150  3080               	movlw	128
  1228  0151  00B2               	movwf	??___ftmul
  1229  0152  0832               	movf	??___ftmul,w
  1230  0153  05BB               	andwf	___ftmul@sign,f
  1231  0154  17AD               	bsf	___ftmul@f1+1,7
  1232  0155  17B0               	bsf	___ftmul@f2+1,7
  1233  0156  30FF               	movlw	255
  1234  0157  05AF               	andwf	___ftmul@f2,f
  1235  0158  30FF               	movlw	255
  1236  0159  05B0               	andwf	___ftmul@f2+1,f
  1237  015A  3000               	movlw	0
  1238  015B  05B1               	andwf	___ftmul@f2+2,f
  1239  015C  3000               	movlw	0
  1240  015D  00B7               	movwf	___ftmul@f3_as_product
  1241  015E  3000               	movlw	0
  1242  015F  00B8               	movwf	___ftmul@f3_as_product+1
  1243  0160  3000               	movlw	0
  1244  0161  00B9               	movwf	___ftmul@f3_as_product+2
  1245  0162  3007               	movlw	7
  1246  0163  00B2               	movwf	??___ftmul
  1247  0164  0832               	movf	??___ftmul,w
  1248  0165  00BA               	movwf	___ftmul@cntr
  1249  0166                     l997:	
  1250  0166  1C2C               	btfss	___ftmul@f1,0
  1251  0167  2976               	goto	l1001
  1252  0168  082F               	movf	___ftmul@f2,w
  1253  0169  07B7               	addwf	___ftmul@f3_as_product,f
  1254  016A  0830               	movf	___ftmul@f2+1,w
  1255  016B  1103               	clrz
  1256  016C  1803               	skipnc
  1257  016D  0A30               	incf	___ftmul@f2+1,w
  1258  016E  1D03               	btfss	3,2
  1259  016F  07B8               	addwf	___ftmul@f3_as_product+1,f
  1260  0170  0831               	movf	___ftmul@f2+2,w
  1261  0171  1103               	clrz
  1262  0172  1803               	skipnc
  1263  0173  0A31               	incf	___ftmul@f2+2,w
  1264  0174  1D03               	btfss	3,2
  1265  0175  07B9               	addwf	___ftmul@f3_as_product+2,f
  1266  0176                     l1001:	
  1267  0176  3001               	movlw	1
  1268  0177                     u1045:	
  1269  0177  1003               	clrc
  1270  0178  0CAE               	rrf	___ftmul@f1+2,f
  1271  0179  0CAD               	rrf	___ftmul@f1+1,f
  1272  017A  0CAC               	rrf	___ftmul@f1,f
  1273  017B  3EFF               	addlw	-1
  1274  017C  1D03               	skipz
  1275  017D  2977               	goto	u1045
  1276  017E  3001               	movlw	1
  1277  017F                     u1055:	
  1278  017F  1003               	clrc
  1279  0180  0DAF               	rlf	___ftmul@f2,f
  1280  0181  0DB0               	rlf	___ftmul@f2+1,f
  1281  0182  0DB1               	rlf	___ftmul@f2+2,f
  1282  0183  3EFF               	addlw	-1
  1283  0184  1D03               	skipz
  1284  0185  297F               	goto	u1055
  1285  0186  3001               	movlw	1
  1286  0187  02BA               	subwf	___ftmul@cntr,f
  1287  0188  1D03               	btfss	3,2
  1288  0189  2966               	goto	l997
  1289  018A  3009               	movlw	9
  1290  018B  00B2               	movwf	??___ftmul
  1291  018C  0832               	movf	??___ftmul,w
  1292  018D  00BA               	movwf	___ftmul@cntr
  1293  018E                     l1009:	
  1294  018E  1C2C               	btfss	___ftmul@f1,0
  1295  018F  299E               	goto	l1013
  1296  0190  082F               	movf	___ftmul@f2,w
  1297  0191  07B7               	addwf	___ftmul@f3_as_product,f
  1298  0192  0830               	movf	___ftmul@f2+1,w
  1299  0193  1103               	clrz
  1300  0194  1803               	skipnc
  1301  0195  0A30               	incf	___ftmul@f2+1,w
  1302  0196  1D03               	btfss	3,2
  1303  0197  07B8               	addwf	___ftmul@f3_as_product+1,f
  1304  0198  0831               	movf	___ftmul@f2+2,w
  1305  0199  1103               	clrz
  1306  019A  1803               	skipnc
  1307  019B  0A31               	incf	___ftmul@f2+2,w
  1308  019C  1D03               	btfss	3,2
  1309  019D  07B9               	addwf	___ftmul@f3_as_product+2,f
  1310  019E                     l1013:	
  1311  019E  3001               	movlw	1
  1312  019F                     u1095:	
  1313  019F  1003               	clrc
  1314  01A0  0CAE               	rrf	___ftmul@f1+2,f
  1315  01A1  0CAD               	rrf	___ftmul@f1+1,f
  1316  01A2  0CAC               	rrf	___ftmul@f1,f
  1317  01A3  3EFF               	addlw	-1
  1318  01A4  1D03               	skipz
  1319  01A5  299F               	goto	u1095
  1320  01A6  3001               	movlw	1
  1321  01A7                     u1105:	
  1322  01A7  1003               	clrc
  1323  01A8  0CB9               	rrf	___ftmul@f3_as_product+2,f
  1324  01A9  0CB8               	rrf	___ftmul@f3_as_product+1,f
  1325  01AA  0CB7               	rrf	___ftmul@f3_as_product,f
  1326  01AB  3EFF               	addlw	-1
  1327  01AC  1D03               	skipz
  1328  01AD  29A7               	goto	u1105
  1329  01AE  3001               	movlw	1
  1330  01AF  02BA               	subwf	___ftmul@cntr,f
  1331  01B0  1D03               	btfss	3,2
  1332  01B1  298E               	goto	l1009
  1333  01B2  0837               	movf	___ftmul@f3_as_product,w
  1334  01B3  00A0               	movwf	___ftpack@arg
  1335  01B4  0838               	movf	___ftmul@f3_as_product+1,w
  1336  01B5  00A1               	movwf	___ftpack@arg+1
  1337  01B6  0839               	movf	___ftmul@f3_as_product+2,w
  1338  01B7  00A2               	movwf	___ftpack@arg+2
  1339  01B8  0836               	movf	___ftmul@exp,w
  1340  01B9  00B2               	movwf	??___ftmul
  1341  01BA  0832               	movf	??___ftmul,w
  1342  01BB  00A3               	movwf	___ftpack@exp
  1343  01BC  083B               	movf	___ftmul@sign,w
  1344  01BD  00B3               	movwf	??___ftmul+1
  1345  01BE  0833               	movf	??___ftmul+1,w
  1346  01BF  00A4               	movwf	___ftpack@sign
  1347  01C0  120A  118A  21CC   	fcall	___ftpack
  1348  01C3  1283               	bcf	3,5	;RP0=0, select bank0
  1349  01C4  1303               	bcf	3,6	;RP1=0, select bank0
  1350  01C5  0820               	movf	?___ftpack,w
  1351  01C6  00AC               	movwf	?___ftmul
  1352  01C7  0821               	movf	?___ftpack+1,w
  1353  01C8  00AD               	movwf	?___ftmul+1
  1354  01C9  0822               	movf	?___ftpack+2,w
  1355  01CA  00AE               	movwf	?___ftmul+2
  1356  01CB  0008               	return
  1357  01CC                     __end_of___ftmul:	
  1358                           
  1359                           	psect	text7
  1360  02DF                     __ptext7:	
  1361 ;; *************** function ___awtoft *****************
  1362 ;; Defined at:
  1363 ;;		line 32 in file "C:\Program Files (x86)\Microchip\xc8\v1.45\sources\common\awtoft.c"
  1364 ;; Parameters:    Size  Location     Type
  1365 ;;  c               2    8[BANK0 ] int 
  1366 ;; Auto vars:     Size  Location     Type
  1367 ;;  sign            1   11[BANK0 ] unsigned char 
  1368 ;; Return value:  Size  Location     Type
  1369 ;;                  3    8[BANK0 ] float 
  1370 ;; Registers used:
  1371 ;;		wreg, status,2, status,0, pclath, cstack
  1372 ;; Tracked objects:
  1373 ;;		On entry : 0/0
  1374 ;;		On exit  : 0/0
  1375 ;;		Unchanged: 0/0
  1376 ;; Data sizes:     COMMON   BANK0   BANK1   BANK3   BANK2
  1377 ;;      Params:         0       3       0       0       0
  1378 ;;      Locals:         0       1       0       0       0
  1379 ;;      Temps:          2       0       0       0       0
  1380 ;;      Totals:         2       4       0       0       0
  1381 ;;Total ram usage:        6 bytes
  1382 ;; Hardware stack levels used:    1
  1383 ;; Hardware stack levels required when called:    2
  1384 ;; This function calls:
  1385 ;;		___ftpack
  1386 ;; This function is called by:
  1387 ;;		_Adquisicion
  1388 ;; This function uses a non-reentrant model
  1389 ;;
  1390                           
  1391                           
  1392                           ;psect for function ___awtoft
  1393  02DF                     ___awtoft:	
  1394                           
  1395                           ;incstack = 0
  1396                           ; Regs used in ___awtoft: [wreg+status,2+status,0+pclath+cstack]
  1397  02DF  1283               	bcf	3,5	;RP0=0, select bank0
  1398  02E0  1303               	bcf	3,6	;RP1=0, select bank0
  1399  02E1  01AB               	clrf	___awtoft@sign
  1400  02E2  1FA9               	btfss	___awtoft@c+1,7
  1401  02E3  2AEB               	goto	l969
  1402  02E4  09A8               	comf	___awtoft@c,f
  1403  02E5  09A9               	comf	___awtoft@c+1,f
  1404  02E6  0AA8               	incf	___awtoft@c,f
  1405  02E7  1903               	skipnz
  1406  02E8  0AA9               	incf	___awtoft@c+1,f
  1407  02E9  01AB               	clrf	___awtoft@sign
  1408  02EA  0AAB               	incf	___awtoft@sign,f
  1409  02EB                     l969:	
  1410  02EB  0828               	movf	___awtoft@c,w
  1411  02EC  00A0               	movwf	___ftpack@arg
  1412  02ED  0829               	movf	___awtoft@c+1,w
  1413  02EE  00A1               	movwf	___ftpack@arg+1
  1414  02EF  01A2               	clrf	___ftpack@arg+2
  1415  02F0  308E               	movlw	142
  1416  02F1  00F4               	movwf	??___awtoft
  1417  02F2  0874               	movf	??___awtoft,w
  1418  02F3  00A3               	movwf	___ftpack@exp
  1419  02F4  082B               	movf	___awtoft@sign,w
  1420  02F5  00F5               	movwf	??___awtoft+1
  1421  02F6  0875               	movf	??___awtoft+1,w
  1422  02F7  00A4               	movwf	___ftpack@sign
  1423  02F8  120A  118A  21CC   	fcall	___ftpack
  1424  02FB  1283               	bcf	3,5	;RP0=0, select bank0
  1425  02FC  1303               	bcf	3,6	;RP1=0, select bank0
  1426  02FD  0820               	movf	?___ftpack,w
  1427  02FE  00A8               	movwf	?___awtoft
  1428  02FF  0821               	movf	?___ftpack+1,w
  1429  0300  00A9               	movwf	?___awtoft+1
  1430  0301  0822               	movf	?___ftpack+2,w
  1431  0302  00AA               	movwf	?___awtoft+2
  1432  0303  0008               	return
  1433  0304                     __end_of___awtoft:	
  1434                           
  1435                           	psect	text8
  1436  01CC                     __ptext8:	
  1437 ;; *************** function ___ftpack *****************
  1438 ;; Defined at:
  1439 ;;		line 62 in file "C:\Program Files (x86)\Microchip\xc8\v1.45\sources\common\float.c"
  1440 ;; Parameters:    Size  Location     Type
  1441 ;;  arg             3    0[BANK0 ] unsigned um
  1442 ;;  exp             1    3[BANK0 ] unsigned char 
  1443 ;;  sign            1    4[BANK0 ] unsigned char 
  1444 ;; Auto vars:     Size  Location     Type
  1445 ;;		None
  1446 ;; Return value:  Size  Location     Type
  1447 ;;                  3    0[BANK0 ] float 
  1448 ;; Registers used:
  1449 ;;		wreg, status,2, status,0
  1450 ;; Tracked objects:
  1451 ;;		On entry : 0/0
  1452 ;;		On exit  : 0/0
  1453 ;;		Unchanged: 0/0
  1454 ;; Data sizes:     COMMON   BANK0   BANK1   BANK3   BANK2
  1455 ;;      Params:         0       5       0       0       0
  1456 ;;      Locals:         0       0       0       0       0
  1457 ;;      Temps:          0       3       0       0       0
  1458 ;;      Totals:         0       8       0       0       0
  1459 ;;Total ram usage:        8 bytes
  1460 ;; Hardware stack levels used:    1
  1461 ;; Hardware stack levels required when called:    1
  1462 ;; This function calls:
  1463 ;;		Nothing
  1464 ;; This function is called by:
  1465 ;;		___awtoft
  1466 ;;		___ftmul
  1467 ;; This function uses a non-reentrant model
  1468 ;;
  1469                           
  1470                           
  1471                           ;psect for function ___ftpack
  1472  01CC                     ___ftpack:	
  1473                           
  1474                           ;incstack = 0
  1475                           ; Regs used in ___ftpack: [wreg+status,2+status,0]
  1476  01CC  1283               	bcf	3,5	;RP0=0, select bank0
  1477  01CD  1303               	bcf	3,6	;RP1=0, select bank0
  1478  01CE  0823               	movf	___ftpack@exp,w
  1479  01CF  1903               	btfsc	3,2
  1480  01D0  29D6               	goto	l933
  1481  01D1  0822               	movf	___ftpack@arg+2,w
  1482  01D2  0421               	iorwf	___ftpack@arg+1,w
  1483  01D3  0420               	iorwf	___ftpack@arg,w
  1484  01D4  1D03               	skipz
  1485  01D5  29E9               	goto	l939
  1486  01D6                     l933:	
  1487  01D6  3000               	movlw	0
  1488  01D7  00A0               	movwf	?___ftpack
  1489  01D8  3000               	movlw	0
  1490  01D9  00A1               	movwf	?___ftpack+1
  1491  01DA  3000               	movlw	0
  1492  01DB  00A2               	movwf	?___ftpack+2
  1493  01DC  0008               	return
  1494  01DD                     l937:	
  1495  01DD  3001               	movlw	1
  1496  01DE  00A5               	movwf	??___ftpack
  1497  01DF  0825               	movf	??___ftpack,w
  1498  01E0  07A3               	addwf	___ftpack@exp,f
  1499  01E1  3001               	movlw	1
  1500  01E2                     u875:	
  1501  01E2  1003               	clrc
  1502  01E3  0CA2               	rrf	___ftpack@arg+2,f
  1503  01E4  0CA1               	rrf	___ftpack@arg+1,f
  1504  01E5  0CA0               	rrf	___ftpack@arg,f
  1505  01E6  3EFF               	addlw	-1
  1506  01E7  1D03               	skipz
  1507  01E8  29E2               	goto	u875
  1508  01E9                     l939:	
  1509  01E9  30FE               	movlw	254
  1510  01EA  0522               	andwf	___ftpack@arg+2,w
  1511  01EB  1903               	btfsc	3,2
  1512  01EC  2A04               	goto	l332
  1513  01ED  29DD               	goto	l937
  1514  01EE                     l941:	
  1515  01EE  3001               	movlw	1
  1516  01EF  00A5               	movwf	??___ftpack
  1517  01F0  0825               	movf	??___ftpack,w
  1518  01F1  07A3               	addwf	___ftpack@exp,f
  1519  01F2  3001               	movlw	1
  1520  01F3  07A0               	addwf	___ftpack@arg,f
  1521  01F4  3000               	movlw	0
  1522  01F5  1803               	skipnc
  1523  01F6  3001               	movlw	1
  1524  01F7  07A1               	addwf	___ftpack@arg+1,f
  1525  01F8  3000               	movlw	0
  1526  01F9  1803               	skipnc
  1527  01FA  3001               	movlw	1
  1528  01FB  07A2               	addwf	___ftpack@arg+2,f
  1529  01FC  3001               	movlw	1
  1530  01FD                     u895:	
  1531  01FD  1003               	clrc
  1532  01FE  0CA2               	rrf	___ftpack@arg+2,f
  1533  01FF  0CA1               	rrf	___ftpack@arg+1,f
  1534  0200  0CA0               	rrf	___ftpack@arg,f
  1535  0201  3EFF               	addlw	-1
  1536  0202  1D03               	skipz
  1537  0203  29FD               	goto	u895
  1538  0204                     l332:	
  1539  0204  30FF               	movlw	255
  1540  0205  0522               	andwf	___ftpack@arg+2,w
  1541  0206  1903               	btfsc	3,2
  1542  0207  2A13               	goto	l949
  1543  0208  29EE               	goto	l941
  1544  0209                     l947:	
  1545  0209  3001               	movlw	1
  1546  020A  02A3               	subwf	___ftpack@exp,f
  1547  020B  3001               	movlw	1
  1548  020C                     u915:	
  1549  020C  1003               	clrc
  1550  020D  0DA0               	rlf	___ftpack@arg,f
  1551  020E  0DA1               	rlf	___ftpack@arg+1,f
  1552  020F  0DA2               	rlf	___ftpack@arg+2,f
  1553  0210  3EFF               	addlw	-1
  1554  0211  1D03               	skipz
  1555  0212  2A0C               	goto	u915
  1556  0213                     l949:	
  1557  0213  1BA1               	btfsc	___ftpack@arg+1,7
  1558  0214  2A19               	goto	l339
  1559  0215  3002               	movlw	2
  1560  0216  0223               	subwf	___ftpack@exp,w
  1561  0217  1803               	skipnc
  1562  0218  2A09               	goto	l947
  1563  0219                     l339:	
  1564  0219  1823               	btfsc	___ftpack@exp,0
  1565  021A  2A21               	goto	l340
  1566  021B  30FF               	movlw	255
  1567  021C  05A0               	andwf	___ftpack@arg,f
  1568  021D  307F               	movlw	127
  1569  021E  05A1               	andwf	___ftpack@arg+1,f
  1570  021F  30FF               	movlw	255
  1571  0220  05A2               	andwf	___ftpack@arg+2,f
  1572  0221                     l340:	
  1573  0221  1003               	clrc
  1574  0222  0CA3               	rrf	___ftpack@exp,f
  1575  0223  0823               	movf	___ftpack@exp,w
  1576  0224  00A5               	movwf	??___ftpack
  1577  0225  01A6               	clrf	??___ftpack+1
  1578  0226  01A7               	clrf	??___ftpack+2
  1579  0227  3010               	movlw	16
  1580  0228                     u955:	
  1581  0228  1003               	clrc
  1582  0229  0DA5               	rlf	??___ftpack,f
  1583  022A  0DA6               	rlf	??___ftpack+1,f
  1584  022B  0DA7               	rlf	??___ftpack+2,f
  1585  022C  3EFF               	addlw	-1
  1586  022D  1D03               	skipz
  1587  022E  2A28               	goto	u955
  1588  022F  0825               	movf	??___ftpack,w
  1589  0230  04A0               	iorwf	___ftpack@arg,f
  1590  0231  0826               	movf	??___ftpack+1,w
  1591  0232  04A1               	iorwf	___ftpack@arg+1,f
  1592  0233  0827               	movf	??___ftpack+2,w
  1593  0234  04A2               	iorwf	___ftpack@arg+2,f
  1594  0235  0824               	movf	___ftpack@sign,w
  1595  0236  1903               	btfsc	3,2
  1596  0237  0008               	return
  1597  0238  17A2               	bsf	___ftpack@arg+2,7
  1598  0239  0008               	return
  1599  023A                     __end_of___ftpack:	
  1600                           
  1601                           	psect	text9
  1602  031F                     __ptext9:	
  1603 ;; *************** function _rutinainterrupciones *****************
  1604 ;; Defined at:
  1605 ;;		line 44 in file "lab2ej2.c"
  1606 ;; Parameters:    Size  Location     Type
  1607 ;;		None
  1608 ;; Auto vars:     Size  Location     Type
  1609 ;;		None
  1610 ;; Return value:  Size  Location     Type
  1611 ;;                  1    wreg      void 
  1612 ;; Registers used:
  1613 ;;		None
  1614 ;; Tracked objects:
  1615 ;;		On entry : 0/0
  1616 ;;		On exit  : 0/0
  1617 ;;		Unchanged: 0/0
  1618 ;; Data sizes:     COMMON   BANK0   BANK1   BANK3   BANK2
  1619 ;;      Params:         0       0       0       0       0
  1620 ;;      Locals:         0       0       0       0       0
  1621 ;;      Temps:          4       0       0       0       0
  1622 ;;      Totals:         4       0       0       0       0
  1623 ;;Total ram usage:        4 bytes
  1624 ;; Hardware stack levels used:    1
  1625 ;; This function calls:
  1626 ;;		Nothing
  1627 ;; This function is called by:
  1628 ;;		Interrupt level 1
  1629 ;; This function uses a non-reentrant model
  1630 ;;
  1631                           
  1632                           
  1633                           ;psect for function _rutinainterrupciones
  1634  031F                     _rutinainterrupciones:	
  1635                           
  1636                           ;lab2ej2.c: 46: if(PIR1bits.TMR1IF == 1)
  1637  031F  1C0C               	btfss	12,0	;volatile
  1638  0320  2B27               	goto	i1l54
  1639                           
  1640                           ;lab2ej2.c: 47: {
  1641                           ;lab2ej2.c: 48: PIR1bits.TMR1IF=0;
  1642  0321  100C               	bcf	12,0	;volatile
  1643                           
  1644                           ;lab2ej2.c: 49: TMR1=3036;
  1645  0322  300B               	movlw	11
  1646  0323  008F               	movwf	15	;volatile
  1647  0324  30DC               	movlw	220
  1648  0325  008E               	movwf	14	;volatile
  1649                           
  1650                           ;lab2ej2.c: 50: ADCON0bits.GO_DONE=1;
  1651  0326  149F               	bsf	31,1	;volatile
  1652  0327                     i1l54:	
  1653                           ;lab2ej2.c: 51: }
  1654                           ;lab2ej2.c: 52: while(ADCON0bits.GO_DONE==1);
  1655                           
  1656  0327  189F               	btfsc	31,1	;volatile
  1657  0328  2B27               	goto	i1l54
  1658                           
  1659                           ;lab2ej2.c: 53: BanderaConversion=1;
  1660  0329  01F9               	clrf	_BanderaConversion
  1661  032A  0AF9               	incf	_BanderaConversion,f
  1662  032B  0873               	movf	??_rutinainterrupciones+3,w
  1663  032C  00FF               	movwf	127
  1664  032D  0872               	movf	??_rutinainterrupciones+2,w
  1665  032E  008A               	movwf	10
  1666  032F  0871               	movf	??_rutinainterrupciones+1,w
  1667  0330  0084               	movwf	4
  1668  0331  0E70               	swapf	??_rutinainterrupciones^(0+-128),w
  1669  0332  0083               	movwf	3
  1670  0333  0EFE               	swapf	126,f
  1671  0334  0E7E               	swapf	126,w
  1672  0335  0009               	retfie
  1673  0336                     __end_of_rutinainterrupciones:	
  1674  007E                     btemp	set	126	;btemp
  1675  007E                     wtemp0	set	126
  1676                           
  1677                           	psect	intentry
  1678  0004                     __pintentry:	
  1679                           ;incstack = 0
  1680                           ; Regs used in _rutinainterrupciones: []
  1681                           
  1682  0004                     interrupt_function:	
  1683  007E                     saved_w	set	btemp
  1684  0004  00FE               	movwf	btemp
  1685  0005  0E03               	swapf	3,w
  1686  0006  00F0               	movwf	??_rutinainterrupciones
  1687  0007  0804               	movf	4,w
  1688  0008  00F1               	movwf	??_rutinainterrupciones+1
  1689  0009  080A               	movf	10,w
  1690  000A  00F2               	movwf	??_rutinainterrupciones+2
  1691  000B  1283               	bcf	3,5	;RP0=0, select bank0
  1692  000C  1303               	bcf	3,6	;RP1=0, select bank0
  1693  000D  087F               	movf	btemp+1,w
  1694  000E  00F3               	movwf	??_rutinainterrupciones+3
  1695  000F  120A  118A  2B1F   	ljmp	_rutinainterrupciones


Data Sizes:
    Strings     0
    Constant    0
    Data        0
    BSS         7
    Persistent  0
    Stack       0

Auto Spaces:
    Space          Size  Autos    Used
    COMMON           14      6      10
    BANK0            80     30      33
    BANK1            80      0       0
    BANK3            96      0       0
    BANK2            96      0       0

Pointer List with Targets:

    None.

Critical Paths under _main in COMMON

    _Adquisicion->___awtoft
    ___ftmul->___awtoft

Critical Paths under _rutinainterrupciones in COMMON

    None.

Critical Paths under _main in BANK0

    _main->_Adquisicion
    _Adquisicion->___ftmul
    ___ftmul->___awtoft
    ___awtoft->___ftpack

Critical Paths under _rutinainterrupciones in BANK0

    None.

Critical Paths under _main in BANK1

    None.

Critical Paths under _rutinainterrupciones in BANK1

    None.

Critical Paths under _main in BANK3

    None.

Critical Paths under _rutinainterrupciones in BANK3

    None.

Critical Paths under _main in BANK2

    None.

Critical Paths under _rutinainterrupciones in BANK2

    None.

Call Graph Tables:

 ---------------------------------------------------------------------------------
 (Depth) Function   	        Calls       Base Space   Used Autos Params    Refs
 ---------------------------------------------------------------------------------
 (0) _main                                                 0     0      0    5950
                        _Adquisicion
                            _InitADC
                             _InitES
                           _InitTMR1
                             ___ftge
 ---------------------------------------------------------------------------------
 (1) ___ftge                                              12     6      6    1238
                                              0 BANK0     12     6      6
 ---------------------------------------------------------------------------------
 (1) _InitTMR1                                             0     0      0       0
 ---------------------------------------------------------------------------------
 (1) _InitES                                               0     0      0       0
 ---------------------------------------------------------------------------------
 (1) _InitADC                                              0     0      0       0
 ---------------------------------------------------------------------------------
 (1) _Adquisicion                                          2     2      0    4712
                                             28 BANK0      2     2      0
                           ___awtoft
                            ___ftmul
 ---------------------------------------------------------------------------------
 (2) ___ftmul                                             16    10      6    2566
                                             12 BANK0     16    10      6
                           ___awtoft (ARG)
                           ___ftpack
 ---------------------------------------------------------------------------------
 (2) ___awtoft                                             6     3      3    2146
                                              4 COMMON     2     2      0
                                              8 BANK0      4     1      3
                           ___ftpack
 ---------------------------------------------------------------------------------
 (3) ___ftpack                                             8     3      5    1948
                                              0 BANK0      8     3      5
 ---------------------------------------------------------------------------------
 Estimated maximum stack depth 3
 ---------------------------------------------------------------------------------
 (Depth) Function   	        Calls       Base Space   Used Autos Params    Refs
 ---------------------------------------------------------------------------------
 (4) _rutinainterrupciones                                 4     4      0       0
                                              0 COMMON     4     4      0
 ---------------------------------------------------------------------------------
 Estimated maximum stack depth 4
 ---------------------------------------------------------------------------------

 Call Graph Graphs:

 _main (ROOT)
   _Adquisicion
     ___awtoft
       ___ftpack
     ___ftmul
       ___awtoft (ARG)
         ___ftpack
       ___ftpack (ARG)
   _InitADC
   _InitES
   _InitTMR1
   ___ftge

 _rutinainterrupciones (ROOT)

 Address spaces:
Name               Size   Autos  Total    Cost      Usage
BITCOMMON            E      0       0       0        0.0%
EEDATA             100      0       0       0        0.0%
NULL                 0      0       0       0        0.0%
CODE                 0      0       0       0        0.0%
COMMON               E      6       A       1       71.4%
BITSFR0              0      0       0       1        0.0%
SFR0                 0      0       0       1        0.0%
BITSFR1              0      0       0       2        0.0%
SFR1                 0      0       0       2        0.0%
STACK                0      0       0       2        0.0%
ABS                  0      0      2B       3        0.0%
BITBANK0            50      0       0       4        0.0%
BITSFR3              0      0       0       4        0.0%
SFR3                 0      0       0       4        0.0%
BANK0               50     1E      21       5       41.3%
BITSFR2              0      0       0       5        0.0%
SFR2                 0      0       0       5        0.0%
BITBANK1            50      0       0       6        0.0%
BANK1               50      0       0       7        0.0%
BITBANK3            60      0       0       8        0.0%
BANK3               60      0       0       9        0.0%
BITBANK2            60      0       0      10        0.0%
BANK2               60      0       0      11        0.0%
DATA                 0      0      2B      12        0.0%


Microchip Technology PIC Macro Assembler V1.45 build -152302408 
Symbol Table                                                                                   Sun Jun 10 18:46:42 2018

                  __CFG_CP$OFF 0000                            l340 0221                            l332 0204  
                          l339 0219                            l941 01EE                            l933 01D6  
                          l937 01DD                            l947 0209                            l939 01E9  
                          l949 0213                            l969 02EB                            l985 0127  
                          l979 0111                            l997 0166                   __CFG_CPD$OFF 0000  
                          u915 020C                            u955 0228                            u875 01E2  
                          u895 01FD                            _adc 003E                            fsr0 0004  
                 __CFG_IESO$ON 0000                   __CFG_FOSC$HS 0000                   __CFG_LVP$OFF 0000  
                         l1001 0176                           l1013 019E                           l1009 018E  
                         l1035 0263                           l1061 003A                           l1039 028A  
                         l1055 0031                           l1093 00F5                           u1005 0133  
                         u1015 0145                           u1105 01A7                           u1131 0256  
                         u1132 0257                           u1045 0177                           u1133 025C  
                         u1134 025D                           u1055 017F                           u1151 027D  
                         u1152 027E                           u1153 0283                           u1154 0284  
                         u1095 019F                           i1l54 0327                           _TMR1 000E  
                 __CFG_WRT$OFF 0000                  __CFG_FCMEN$ON 0000                           _main 0022  
                 ___ftpack@arg 0020                   ___ftpack@exp 0023                           btemp 007E  
                         _volt 0076                  __CFG_BOREN$ON 0000                           start 0012  
                __CFG_MCLRE$ON 0000              _BanderaConversion 0079                   ___ftmul@cntr 003A  
                 ___ftmul@sign 003B                __end_of_InitADC 031F                          ?_main 0070  
                __CFG_WDTE$OFF 0000                          _ANSEL 0188                __end_of___ftmul 01CC  
                        _T1CON 0010                          _PORTA 0005                          _PORTB 0006  
                        _TRISA 0085                          _TRISB 0086                  ___awtoft@sign 002B  
                ___ftpack@sign 0024                          pclath 000A                    _Adquisicion 0299  
                        status 0003                          wtemp0 007E         ??_rutinainterrupciones 0070  
              __initialization 0015                   __end_of_main 00F9               __end_of_InitTMR1 034B  
                       ??_main 0076                         _ADRESH 001E                         _ADRESL 009E  
             __end_of___awtoft 0304               __end_of___ftpack 023A                         _ANSELH 0189  
                    ??_InitADC 0074                 __CFG_PWRTE$OFF 0000                         _InitES 034B  
                       ___ftge 023A                      ??___ftmul 0032          ___ftmul@f3_as_product 0037  
                       saved_w 007E        __end_of__initialization 001E                     ___ftge@ff1 0020  
                   ___ftge@ff2 0023                     ___awtoft@c 0028                     ___ftmul@f1 002C  
                   ___ftmul@f2 002F                 __pcstackCOMMON 0070                     __pbssBANK0 003E  
                    ?_InitTMR1 0070                        ?_InitES 0070                     __pmaintext 0022  
                      ?___ftge 0020                     __pintentry 0004                      ?___awtoft 0028  
                    ?___ftpack 0020                     ??_InitTMR1 0074                   ?_Adquisicion 0070  
                      _InitADC 0304                __size_of_InitES 000F                __size_of___ftge 005F  
                      ___ftmul 00F9                     ??___awtoft 0074                     ??___ftpack 0025  
                      __ptext1 023A                        __ptext2 0336                        __ptext3 034B  
                      __ptext4 0304                        __ptext5 0299                        __ptext6 00F9  
                      __ptext7 02DF                        __ptext8 01CC                        __ptext9 031F  
                    _T1CONbits 0010           end_of_initialization 001E  __size_of_rutinainterrupciones 0017  
                  ___ftmul@exp 0036                 __end_of_InitES 035A                 __end_of___ftge 0299  
          start_initialization 0015              __size_of_InitTMR1 0015           __size_of_Adquisicion 0046  
                     ??_InitES 0074                       ??___ftge 0026              __size_of___awtoft 0025  
            __size_of___ftpack 006E                    __pbssCOMMON 0076                      ___latbits 0002  
                __pcstackBANK0 0020                       ?_InitADC 0070                       ?___ftmul 002C  
            interrupt_function 0004                       _PIE1bits 008C                       _PIR1bits 000C  
                   _ADCON0bits 001F                     _ADCON1bits 009F   __end_of_rutinainterrupciones 0336  
                     _Contador 0040                       _InitTMR1 0336               __size_of_InitADC 001B  
             __size_of___ftmul 00D3                       ___awtoft 02DF                       ___ftpack 01CC  
            __CFG_BOR4V$BOR40V 0000                  __size_of_main 00D7                     _INTCONbits 000B  
                     intlevel1 0000                  ??_Adquisicion 003C           _rutinainterrupciones 031F  
          __end_of_Adquisicion 02DF          ?_rutinainterrupciones 0070  
