

Microchip Technology PIC LITE Macro Assembler V1.45 build -152302408 
                                                                                               Mon Jun 11 12:34:22 2018

Microchip Technology Omniscient Code Generator v1.45 (Free mode) build 201711160504
     1                           	processor	16F887
     2                           	opt	pw 120
     3                           	opt	lm
     4                           	psect	cinit,global,class=CODE,merge=1,delta=2
     5                           	psect	bssCOMMON,global,class=COMMON,space=1,delta=1
     6                           	psect	cstackCOMMON,global,class=COMMON,space=1,delta=1
     7                           	psect	maintext,global,class=CODE,split=1,delta=2
     8                           	dabs	1,0x7E,2
     9  0000                     
    10                           ; Version 1.45
    11                           ; Generated 16/11/2017 GMT
    12                           ; 
    13                           ; Copyright © 2017, Microchip Technology Inc. and its subsidiaries ("Microchip")
    14                           ; All rights reserved.
    15                           ; 
    16                           ; This software is developed by Microchip Technology Inc. and its subsidiaries ("Microch
      +                          ip").
    17                           ; 
    18                           ; Redistribution and use in source and binary forms, with or without modification, are
    19                           ; permitted provided that the following conditions are met:
    20                           ; 
    21                           ;     1. Redistributions of source code must retain the above copyright notice, this lis
      +                          t of
    22                           ;        conditions and the following disclaimer.
    23                           ; 
    24                           ;     2. Redistributions in binary form must reproduce the above copyright notice, this 
      +                          list
    25                           ;        of conditions and the following disclaimer in the documentation and/or other
    26                           ;        materials provided with the distribution.
    27                           ; 
    28                           ;     3. Microchip's name may not be used to endorse or promote products derived from th
      +                          is
    29                           ;        software without specific prior written permission.
    30                           ; 
    31                           ; THIS SOFTWARE IS PROVIDED BY MICROCHIP "AS IS" AND ANY EXPRESS OR IMPLIED WARRANTIES,
    32                           ; INCLUDING, BUT NOT LIMITED TO, THE IMPLIED WARRANTIES OF MERCHANTABILITY AND FITNESS F
      +                          OR
    33                           ; PURPOSE ARE DISCLAIMED.  IN NO EVENT SHALL MICROCHIP BE LIABLE FOR ANY DIRECT, INDIREC
      +                          T,
    34                           ; INCIDENTAL, SPECIAL, EXEMPLARY, OR CONSEQUENTIAL DAMAGES (INCLUDING BUT NOT LIMITED TO
    35                           ; PROCUREMENT OF SUBSTITUTE GOODS OR SERVICES; LOSS OF USE, DATA OR PROFITS; OR BUSINESS
    36                           ; INTERRUPTION) HOWSOEVER CAUSED AND ON ANY THEORY OF LIABILITY, WHETHER IN CONTRACT, ST
      +                          RICT
    37                           ; LIABILITY, OR TORT (INCLUDING NEGLIGENCE OR OTHERWISE) ARISING IN ANY WAY OUT OF THE U
      +                          SE OF
    38                           ; THIS SOFTWARE, EVEN IF ADVISED OF THE POSSIBILITY OF SUCH DAMAGE.
    39                           ; 
    40                           ; 
    41                           ; Code-generator required, PIC16F887 Definitions
    42                           ; 
    43                           ; SFR Addresses
    44  0000                     	;# 
    45  0001                     	;# 
    46  0002                     	;# 
    47  0003                     	;# 
    48  0004                     	;# 
    49  0005                     	;# 
    50  0006                     	;# 
    51  0007                     	;# 
    52  0008                     	;# 
    53  0009                     	;# 
    54  000A                     	;# 
    55  000B                     	;# 
    56  000C                     	;# 
    57  000D                     	;# 
    58  000E                     	;# 
    59  000E                     	;# 
    60  000F                     	;# 
    61  0010                     	;# 
    62  0011                     	;# 
    63  0012                     	;# 
    64  0013                     	;# 
    65  0014                     	;# 
    66  0015                     	;# 
    67  0015                     	;# 
    68  0016                     	;# 
    69  0017                     	;# 
    70  0018                     	;# 
    71  0019                     	;# 
    72  001A                     	;# 
    73  001B                     	;# 
    74  001B                     	;# 
    75  001C                     	;# 
    76  001D                     	;# 
    77  001E                     	;# 
    78  001F                     	;# 
    79  0081                     	;# 
    80  0085                     	;# 
    81  0086                     	;# 
    82  0087                     	;# 
    83  0088                     	;# 
    84  0089                     	;# 
    85  008C                     	;# 
    86  008D                     	;# 
    87  008E                     	;# 
    88  008F                     	;# 
    89  0090                     	;# 
    90  0091                     	;# 
    91  0092                     	;# 
    92  0093                     	;# 
    93  0093                     	;# 
    94  0093                     	;# 
    95  0094                     	;# 
    96  0095                     	;# 
    97  0096                     	;# 
    98  0097                     	;# 
    99  0098                     	;# 
   100  0099                     	;# 
   101  009A                     	;# 
   102  009B                     	;# 
   103  009C                     	;# 
   104  009D                     	;# 
   105  009E                     	;# 
   106  009F                     	;# 
   107  0105                     	;# 
   108  0107                     	;# 
   109  0108                     	;# 
   110  0109                     	;# 
   111  010C                     	;# 
   112  010C                     	;# 
   113  010D                     	;# 
   114  010E                     	;# 
   115  010F                     	;# 
   116  0185                     	;# 
   117  0187                     	;# 
   118  0188                     	;# 
   119  0189                     	;# 
   120  018C                     	;# 
   121  018D                     	;# 
   122  0006                     _PORTBbits	set	6
   123  0006                     _PORTB	set	6
   124  0086                     _TRISB	set	134
   125  0189                     _ANSELH	set	393
   126  0188                     _ANSEL	set	392
   127                           
   128                           ; #config settings
   129  0000                     
   130                           	psect	cinit
   131  07FB                     start_initialization:	
   132  07FB                     __initialization:	
   133                           
   134                           ; Clear objects allocated to COMMON
   135  07FB  01F2               	clrf	__pbssCOMMON& (0+127)
   136  07FC                     end_of_initialization:	
   137                           ;End of C runtime variable initialization code
   138                           
   139  07FC                     __end_of__initialization:	
   140  07FC  0183               	clrf	3
   141  07FD  120A  118A  2FC7   	ljmp	_main	;jump to C main() function
   142                           
   143                           	psect	bssCOMMON
   144  0072                     __pbssCOMMON:	
   145  0072                     _mate:	
   146  0072                     	ds	1
   147                           
   148                           	psect	cstackCOMMON
   149  0070                     __pcstackCOMMON:	
   150  0070                     ?_main:	
   151  0070                     ??_main:	
   152                           ; 1 bytes @ 0x0
   153                           
   154                           
   155                           ; 1 bytes @ 0x0
   156  0070                     	ds	2
   157                           
   158                           	psect	maintext
   159  07C7                     __pmaintext:	
   160 ;;
   161 ;;Main: autosize = 0, tempsize = 2, incstack = 0, save=0
   162 ;;
   163 ;; *************** function _main *****************
   164 ;; Defined at:
   165 ;;		line 35 in file "lab1ej1.c"
   166 ;; Parameters:    Size  Location     Type
   167 ;;		None
   168 ;; Auto vars:     Size  Location     Type
   169 ;;		None
   170 ;; Return value:  Size  Location     Type
   171 ;;                  1    wreg      void 
   172 ;; Registers used:
   173 ;;		wreg, status,2, status,0
   174 ;; Tracked objects:
   175 ;;		On entry : B00/0
   176 ;;		On exit  : 0/0
   177 ;;		Unchanged: 0/0
   178 ;; Data sizes:     COMMON   BANK0   BANK1   BANK3   BANK2
   179 ;;      Params:         0       0       0       0       0
   180 ;;      Locals:         0       0       0       0       0
   181 ;;      Temps:          2       0       0       0       0
   182 ;;      Totals:         2       0       0       0       0
   183 ;;Total ram usage:        2 bytes
   184 ;; This function calls:
   185 ;;		Nothing
   186 ;; This function is called by:
   187 ;;		Startup code after reset
   188 ;; This function uses a non-reentrant model
   189 ;;
   190                           
   191                           
   192                           ;psect for function _main
   193  07C7                     _main:	
   194                           
   195                           ;lab1ej1.c: 37: ANSEL=0;
   196                           
   197                           ;incstack = 0
   198                           ; Regs used in _main: [wreg+status,2+status,0]
   199  07C7  1683               	bsf	3,5	;RP0=1, select bank3
   200  07C8  1703               	bsf	3,6	;RP1=1, select bank3
   201  07C9  0188               	clrf	8	;volatile
   202                           
   203                           ;lab1ej1.c: 38: ANSELH=0;
   204  07CA  0189               	clrf	9	;volatile
   205                           
   206                           ;lab1ej1.c: 39: TRISB=0b10000000;
   207  07CB  3080               	movlw	128
   208  07CC  1683               	bsf	3,5	;RP0=1, select bank1
   209  07CD  1303               	bcf	3,6	;RP1=0, select bank1
   210  07CE  0086               	movwf	6	;volatile
   211                           
   212                           ;lab1ej1.c: 40: PORTB=0;
   213  07CF  1283               	bcf	3,5	;RP0=0, select bank0
   214  07D0  1303               	bcf	3,6	;RP1=0, select bank0
   215  07D1  0186               	clrf	6	;volatile
   216  07D2                     l495:	
   217                           ;lab1ej1.c: 42: while(1)
   218                           
   219                           
   220                           ;lab1ej1.c: 43: {
   221                           ;lab1ej1.c: 44: if (PORTBbits.RB7==1)
   222  07D2  1F86               	btfss	6,7	;volatile
   223  07D3  2FF4               	goto	l20
   224                           
   225                           ;lab1ej1.c: 45: {
   226                           ;lab1ej1.c: 46: _delay((unsigned long)((20)*(20000000/4000.0)));
   227  07D4  3082               	movlw	130
   228  07D5  00F1               	movwf	??_main+1
   229  07D6  30DD               	movlw	221
   230  07D7  00F0               	movwf	??_main
   231  07D8                     u67:	
   232  07D8  0BF0               	decfsz	??_main,f
   233  07D9  2FD8               	goto	u67
   234  07DA  0BF1               	decfsz	??_main+1,f
   235  07DB  2FD8               	goto	u67
   236  07DC  2FDD               	nop2
   237                           
   238                           ;lab1ej1.c: 47: if (PORTBbits.RB7==1)
   239  07DD  1283               	bcf	3,5	;RP0=0, select bank0
   240  07DE  1303               	bcf	3,6	;RP1=0, select bank0
   241  07DF  1F86               	btfss	6,7	;volatile
   242  07E0  2FF4               	goto	l20
   243  07E1                     l22:	
   244                           ;lab1ej1.c: 48: {
   245                           ;lab1ej1.c: 49: while (PORTBbits.RB7==0);
   246                           
   247  07E1  1F86               	btfss	6,7	;volatile
   248  07E2  2FE1               	goto	l22
   249                           
   250                           ;lab1ej1.c: 50: _delay((unsigned long)((20)*(20000000/4000.0)));
   251  07E3  3082               	movlw	130
   252  07E4  00F1               	movwf	??_main+1
   253  07E5  30DD               	movlw	221
   254  07E6  00F0               	movwf	??_main
   255  07E7                     u77:	
   256  07E7  0BF0               	decfsz	??_main,f
   257  07E8  2FE7               	goto	u77
   258  07E9  0BF1               	decfsz	??_main+1,f
   259  07EA  2FE7               	goto	u77
   260  07EB  2FEC               	nop2
   261                           
   262                           ;lab1ej1.c: 52: {
   263                           ;lab1ej1.c: 53: mate = mate++;
   264  07EC  1283               	bcf	3,5	;RP0=0, select bank0
   265  07ED  1303               	bcf	3,6	;RP1=0, select bank0
   266  07EE  1B86               	btfsc	6,7	;volatile
   267  07EF  2FF4               	goto	l20
   268  07F0  3001               	movlw	1
   269  07F1  00F0               	movwf	??_main
   270  07F2  0870               	movf	??_main,w
   271  07F3  07F2               	addwf	_mate,f
   272  07F4                     l20:	
   273                           
   274                           ;lab1ej1.c: 54: }
   275                           ;lab1ej1.c: 55: }
   276                           ;lab1ej1.c: 56: }
   277                           ;lab1ej1.c: 57: if (mate==128)
   278  07F4  3080               	movlw	128
   279  07F5  0672               	xorwf	_mate,w
   280  07F6  1903               	btfsc	3,2
   281                           
   282                           ;lab1ej1.c: 58: {
   283                           ;lab1ej1.c: 59: mate=0;
   284  07F7  01F2               	clrf	_mate
   285                           
   286                           ;lab1ej1.c: 60: }
   287                           ;lab1ej1.c: 61: PORTB = mate;
   288  07F8  0872               	movf	_mate,w
   289  07F9  0086               	movwf	6	;volatile
   290  07FA  2FD2               	goto	l495
   291  07FB                     __end_of_main:	
   292  007E                     btemp	set	126	;btemp
   293  007E                     wtemp0	set	126


Data Sizes:
    Strings     0
    Constant    0
    Data        0
    BSS         1
    Persistent  0
    Stack       0

Auto Spaces:
    Space          Size  Autos    Used
    COMMON           14      2       3
    BANK0            80      0       0
    BANK1            80      0       0
    BANK3            96      0       0
    BANK2            96      0       0

Pointer List with Targets:

    None.

Critical Paths under _main in COMMON

    None.

Critical Paths under _main in BANK0

    None.

Critical Paths under _main in BANK1

    None.

Critical Paths under _main in BANK3

    None.

Critical Paths under _main in BANK2

    None.

Call Graph Tables:

 ---------------------------------------------------------------------------------
 (Depth) Function   	        Calls       Base Space   Used Autos Params    Refs
 ---------------------------------------------------------------------------------
 (0) _main                                                 2     2      0       0
                                              0 COMMON     2     2      0
 ---------------------------------------------------------------------------------
 Estimated maximum stack depth 0
 ---------------------------------------------------------------------------------

 Call Graph Graphs:

 _main (ROOT)

 Address spaces:
Name               Size   Autos  Total    Cost      Usage
BITCOMMON            E      0       0       0        0.0%
EEDATA             100      0       0       0        0.0%
NULL                 0      0       0       0        0.0%
CODE                 0      0       0       0        0.0%
COMMON               E      2       3       1       21.4%
BITSFR0              0      0       0       1        0.0%
SFR0                 0      0       0       1        0.0%
BITSFR1              0      0       0       2        0.0%
SFR1                 0      0       0       2        0.0%
STACK                0      0       0       2        0.0%
ABS                  0      0       3       3        0.0%
BITBANK0            50      0       0       4        0.0%
BITSFR3              0      0       0       4        0.0%
SFR3                 0      0       0       4        0.0%
BANK0               50      0       0       5        0.0%
BITSFR2              0      0       0       5        0.0%
SFR2                 0      0       0       5        0.0%
BITBANK1            50      0       0       6        0.0%
BANK1               50      0       0       7        0.0%
BITBANK3            60      0       0       8        0.0%
BANK3               60      0       0       9        0.0%
BITBANK2            60      0       0      10        0.0%
BANK2               60      0       0      11        0.0%
DATA                 0      0       3      12        0.0%


Microchip Technology PIC Macro Assembler V1.45 build -152302408 
Symbol Table                                                                                   Mon Jun 11 12:34:22 2018

            __CFG_CP$OFF 0000                       l20 07F4                       l22 07E1  
                     u67 07D8                       u77 07E7                      l495 07D2  
           __CFG_CPD$OFF 0000             __CFG_FOSC$HS 0000             __CFG_LVP$OFF 0000  
           __CFG_WRT$OFF 0000                     _main 07C7                     _mate 0072  
                   btemp 007E            __CFG_BOREN$ON 0000                     start 0000  
          __CFG_IESO$OFF 0000            __CFG_MCLRE$ON 0000                    ?_main 0070  
          __CFG_WDTE$OFF 0000                    _ANSEL 0188                    _PORTB 0006  
                  _TRISB 0086           __CFG_FCMEN$OFF 0000                    status 0003  
                  wtemp0 007E          __initialization 07FB             __end_of_main 07FB  
                 ??_main 0070                   _ANSELH 0189           __CFG_PWRTE$OFF 0000  
__end_of__initialization 07FC           __pcstackCOMMON 0070               __pmaintext 07C7  
   end_of_initialization 07FC                _PORTBbits 0006      start_initialization 07FB  
            __pbssCOMMON 0072                ___latbits 0002        __CFG_BOR4V$BOR40V 0000  
          __size_of_main 0034  
